[debug] [2024-05-18T19:18:13.162Z] ----------------------------------------------------------------------
[debug] [2024-05-18T19:18:13.164Z] Command:       C:\Program Files\nodejs\node.exe C:\Users\zhangl8\AppData\Roaming\npm\node_modules\firebase-tools\lib\bin\firebase.js deploy
[debug] [2024-05-18T19:18:13.164Z] CLI Version:   13.4.1
[debug] [2024-05-18T19:18:13.164Z] Platform:      win32
[debug] [2024-05-18T19:18:13.164Z] Node Version:  v18.14.2
[debug] [2024-05-18T19:18:13.165Z] Time:          Sat May 18 2024 15:18:13 GMT-0400 (Eastern Daylight Time)
[debug] [2024-05-18T19:18:13.165Z] ----------------------------------------------------------------------
[debug] 
[debug] [2024-05-18T19:18:13.168Z] >>> [apiv2][query] GET https://firebase-public.firebaseio.com/cli.json [none]
[debug] [2024-05-18T19:18:13.250Z] > command requires scopes: ["email","openid","https://www.googleapis.com/auth/cloudplatformprojects.readonly","https://www.googleapis.com/auth/firebase","https://www.googleapis.com/auth/cloud-platform"]
[debug] [2024-05-18T19:18:13.250Z] > authorizing via signed-in user (lifuzhang9630@gmail.com)
[debug] [2024-05-18T19:18:13.250Z] [iam] checking project lardner-zhang-final-csse280 for permissions ["cloudfunctions.functions.create","cloudfunctions.functions.delete","cloudfunctions.functions.get","cloudfunctions.functions.list","cloudfunctions.functions.update","cloudfunctions.operations.get","datastore.indexes.create","datastore.indexes.delete","datastore.indexes.list","datastore.indexes.update","firebase.projects.get","firebasehosting.sites.update"]
[debug] [2024-05-18T19:18:13.251Z] > refreshing access token with scopes: []
[debug] [2024-05-18T19:18:13.252Z] >>> [apiv2][query] POST https://www.googleapis.com/oauth2/v3/token [none]
[debug] [2024-05-18T19:18:13.252Z] >>> [apiv2][body] POST https://www.googleapis.com/oauth2/v3/token [omitted]
[debug] [2024-05-18T19:18:13.342Z] <<< [apiv2][status] GET https://firebase-public.firebaseio.com/cli.json 200
[debug] [2024-05-18T19:18:13.342Z] <<< [apiv2][body] GET https://firebase-public.firebaseio.com/cli.json {"cloudBuildErrorAfter":1594252800000,"cloudBuildWarnAfter":1590019200000,"defaultNode10After":1594252800000,"minVersion":"3.0.5","node8DeploysDisabledAfter":1613390400000,"node8RuntimeDisabledAfter":1615809600000,"node8WarnAfter":1600128000000}
[debug] [2024-05-18T19:18:13.355Z] <<< [apiv2][status] POST https://www.googleapis.com/oauth2/v3/token 200
[debug] [2024-05-18T19:18:13.356Z] <<< [apiv2][body] POST https://www.googleapis.com/oauth2/v3/token [omitted]
[debug] [2024-05-18T19:18:13.362Z] >>> [apiv2][query] POST https://cloudresourcemanager.googleapis.com/v1/projects/lardner-zhang-final-csse280:testIamPermissions [none]
[debug] [2024-05-18T19:18:13.362Z] >>> [apiv2][(partial)header] POST https://cloudresourcemanager.googleapis.com/v1/projects/lardner-zhang-final-csse280:testIamPermissions x-goog-quota-user=projects/lardner-zhang-final-csse280
[debug] [2024-05-18T19:18:13.362Z] >>> [apiv2][body] POST https://cloudresourcemanager.googleapis.com/v1/projects/lardner-zhang-final-csse280:testIamPermissions {"permissions":["cloudfunctions.functions.create","cloudfunctions.functions.delete","cloudfunctions.functions.get","cloudfunctions.functions.list","cloudfunctions.functions.update","cloudfunctions.operations.get","datastore.indexes.create","datastore.indexes.delete","datastore.indexes.list","datastore.indexes.update","firebase.projects.get","firebasehosting.sites.update"]}
[debug] [2024-05-18T19:18:13.508Z] <<< [apiv2][status] POST https://cloudresourcemanager.googleapis.com/v1/projects/lardner-zhang-final-csse280:testIamPermissions 200
[debug] [2024-05-18T19:18:13.508Z] <<< [apiv2][body] POST https://cloudresourcemanager.googleapis.com/v1/projects/lardner-zhang-final-csse280:testIamPermissions {"permissions":["cloudfunctions.functions.create","cloudfunctions.functions.delete","cloudfunctions.functions.get","cloudfunctions.functions.list","cloudfunctions.functions.update","cloudfunctions.operations.get","datastore.indexes.create","datastore.indexes.delete","datastore.indexes.list","datastore.indexes.update","firebase.projects.get","firebasehosting.sites.update"]}
[debug] [2024-05-18T19:18:13.508Z] >>> [apiv2][query] POST https://iam.googleapis.com/v1/projects/lardner-zhang-final-csse280/serviceAccounts/lardner-zhang-final-csse280@appspot.gserviceaccount.com:testIamPermissions [none]
[debug] [2024-05-18T19:18:13.509Z] >>> [apiv2][body] POST https://iam.googleapis.com/v1/projects/lardner-zhang-final-csse280/serviceAccounts/lardner-zhang-final-csse280@appspot.gserviceaccount.com:testIamPermissions {"permissions":["iam.serviceAccounts.actAs"]}
[debug] [2024-05-18T19:18:13.686Z] <<< [apiv2][status] POST https://iam.googleapis.com/v1/projects/lardner-zhang-final-csse280/serviceAccounts/lardner-zhang-final-csse280@appspot.gserviceaccount.com:testIamPermissions 200
[debug] [2024-05-18T19:18:13.686Z] <<< [apiv2][body] POST https://iam.googleapis.com/v1/projects/lardner-zhang-final-csse280/serviceAccounts/lardner-zhang-final-csse280@appspot.gserviceaccount.com:testIamPermissions {"permissions":["iam.serviceAccounts.actAs"]}
[debug] [2024-05-18T19:18:13.688Z] >>> [apiv2][query] GET https://firebase.googleapis.com/v1beta1/projects/lardner-zhang-final-csse280 [none]
[debug] [2024-05-18T19:18:13.814Z] <<< [apiv2][status] GET https://firebase.googleapis.com/v1beta1/projects/lardner-zhang-final-csse280 200
[debug] [2024-05-18T19:18:13.814Z] <<< [apiv2][body] GET https://firebase.googleapis.com/v1beta1/projects/lardner-zhang-final-csse280 {"projectId":"lardner-zhang-final-csse280","projectNumber":"308052716821","displayName":"Lardner-Zhang-Final-CSSE280","name":"projects/lardner-zhang-final-csse280","resources":{"hostingSite":"lardner-zhang-final-csse280"},"state":"ACTIVE","etag":"1_6f2e8a8c-0fd3-4a02-82f6-ac2d55107516"}
[info] 
[info] === Deploying to 'lardner-zhang-final-csse280'...
[info] 
[info] i  deploying firestore, functions, hosting 
[info] i  firestore: reading indexes from firestore.indexes.json... 
[info] i  cloud.firestore: checking firestore.rules for compilation errors... 
[debug] [2024-05-18T19:18:13.821Z] >>> [apiv2][query] POST https://firebaserules.googleapis.com/v1/projects/lardner-zhang-final-csse280:test [none]
[debug] [2024-05-18T19:18:13.821Z] >>> [apiv2][body] POST https://firebaserules.googleapis.com/v1/projects/lardner-zhang-final-csse280:test [omitted]
[debug] [2024-05-18T19:18:13.982Z] <<< [apiv2][status] POST https://firebaserules.googleapis.com/v1/projects/lardner-zhang-final-csse280:test 200
[debug] [2024-05-18T19:18:13.982Z] <<< [apiv2][body] POST https://firebaserules.googleapis.com/v1/projects/lardner-zhang-final-csse280:test {"issues":[{"sourcePosition":{"fileName":"firestore.rules"},"description":"Ruleset uses old version (version [1]). Please update to the latest version (version [2]).","severity":"WARNING"}]}
[warn] !  [W] undefined:undefined - Ruleset uses old version (version [1]). Please update to the latest version (version [2]). 
[info] +  cloud.firestore: rules file firestore.rules compiled successfully 
[debug] [2024-05-18T19:18:13.984Z] >>> [apiv2][query] GET https://firebase.googleapis.com/v1beta1/projects/lardner-zhang-final-csse280 [none]
[debug] [2024-05-18T19:18:14.169Z] <<< [apiv2][status] GET https://firebase.googleapis.com/v1beta1/projects/lardner-zhang-final-csse280 200
[debug] [2024-05-18T19:18:14.169Z] <<< [apiv2][body] GET https://firebase.googleapis.com/v1beta1/projects/lardner-zhang-final-csse280 {"projectId":"lardner-zhang-final-csse280","projectNumber":"308052716821","displayName":"Lardner-Zhang-Final-CSSE280","name":"projects/lardner-zhang-final-csse280","resources":{"hostingSite":"lardner-zhang-final-csse280"},"state":"ACTIVE","etag":"1_6f2e8a8c-0fd3-4a02-82f6-ac2d55107516"}
[info] i  functions: preparing codebase default for deployment 
[info] i  functions: ensuring required API cloudfunctions.googleapis.com is enabled... 
[info] i  functions: ensuring required API cloudbuild.googleapis.com is enabled... 
[info] i  artifactregistry: ensuring required API artifactregistry.googleapis.com is enabled... 
[debug] [2024-05-18T19:18:14.171Z] >>> [apiv2][query] GET https://serviceusage.googleapis.com/v1/projects/lardner-zhang-final-csse280/services/cloudfunctions.googleapis.com [none]
[debug] [2024-05-18T19:18:14.171Z] >>> [apiv2][(partial)header] GET https://serviceusage.googleapis.com/v1/projects/lardner-zhang-final-csse280/services/cloudfunctions.googleapis.com x-goog-quota-user=projects/lardner-zhang-final-csse280
[debug] [2024-05-18T19:18:14.172Z] >>> [apiv2][query] GET https://serviceusage.googleapis.com/v1/projects/lardner-zhang-final-csse280/services/runtimeconfig.googleapis.com [none]
[debug] [2024-05-18T19:18:14.172Z] >>> [apiv2][(partial)header] GET https://serviceusage.googleapis.com/v1/projects/lardner-zhang-final-csse280/services/runtimeconfig.googleapis.com x-goog-quota-user=projects/lardner-zhang-final-csse280
[debug] [2024-05-18T19:18:14.173Z] >>> [apiv2][query] GET https://serviceusage.googleapis.com/v1/projects/lardner-zhang-final-csse280/services/cloudbuild.googleapis.com [none]
[debug] [2024-05-18T19:18:14.173Z] >>> [apiv2][(partial)header] GET https://serviceusage.googleapis.com/v1/projects/lardner-zhang-final-csse280/services/cloudbuild.googleapis.com x-goog-quota-user=projects/lardner-zhang-final-csse280
[debug] [2024-05-18T19:18:14.173Z] >>> [apiv2][query] GET https://serviceusage.googleapis.com/v1/projects/lardner-zhang-final-csse280/services/artifactregistry.googleapis.com [none]
[debug] [2024-05-18T19:18:14.174Z] >>> [apiv2][(partial)header] GET https://serviceusage.googleapis.com/v1/projects/lardner-zhang-final-csse280/services/artifactregistry.googleapis.com x-goog-quota-user=projects/lardner-zhang-final-csse280
[debug] [2024-05-18T19:18:14.459Z] <<< [apiv2][status] GET https://serviceusage.googleapis.com/v1/projects/lardner-zhang-final-csse280/services/runtimeconfig.googleapis.com 200
[debug] [2024-05-18T19:18:14.459Z] <<< [apiv2][body] GET https://serviceusage.googleapis.com/v1/projects/lardner-zhang-final-csse280/services/runtimeconfig.googleapis.com [omitted]
[debug] [2024-05-18T19:18:14.466Z] <<< [apiv2][status] GET https://serviceusage.googleapis.com/v1/projects/lardner-zhang-final-csse280/services/cloudfunctions.googleapis.com 200
[debug] [2024-05-18T19:18:14.466Z] <<< [apiv2][body] GET https://serviceusage.googleapis.com/v1/projects/lardner-zhang-final-csse280/services/cloudfunctions.googleapis.com [omitted]
[info] +  functions: required API cloudfunctions.googleapis.com is enabled 
[debug] [2024-05-18T19:18:14.490Z] <<< [apiv2][status] GET https://serviceusage.googleapis.com/v1/projects/lardner-zhang-final-csse280/services/artifactregistry.googleapis.com 200
[debug] [2024-05-18T19:18:14.490Z] <<< [apiv2][body] GET https://serviceusage.googleapis.com/v1/projects/lardner-zhang-final-csse280/services/artifactregistry.googleapis.com [omitted]
[info] +  artifactregistry: required API artifactregistry.googleapis.com is enabled 
[debug] [2024-05-18T19:18:14.501Z] <<< [apiv2][status] GET https://serviceusage.googleapis.com/v1/projects/lardner-zhang-final-csse280/services/cloudbuild.googleapis.com 200
[debug] [2024-05-18T19:18:14.501Z] <<< [apiv2][body] GET https://serviceusage.googleapis.com/v1/projects/lardner-zhang-final-csse280/services/cloudbuild.googleapis.com [omitted]
[info] +  functions: required API cloudbuild.googleapis.com is enabled 
[debug] [2024-05-18T19:18:14.502Z] >>> [apiv2][query] GET https://firebase.googleapis.com/v1beta1/projects/lardner-zhang-final-csse280/adminSdkConfig [none]
[debug] [2024-05-18T19:18:14.622Z] <<< [apiv2][status] GET https://firebase.googleapis.com/v1beta1/projects/lardner-zhang-final-csse280/adminSdkConfig 200
[debug] [2024-05-18T19:18:14.622Z] <<< [apiv2][body] GET https://firebase.googleapis.com/v1beta1/projects/lardner-zhang-final-csse280/adminSdkConfig {"projectId":"lardner-zhang-final-csse280","storageBucket":"lardner-zhang-final-csse280.appspot.com"}
[debug] [2024-05-18T19:18:14.622Z] >>> [apiv2][query] GET https://runtimeconfig.googleapis.com/v1beta1/projects/lardner-zhang-final-csse280/configs [none]
[debug] [2024-05-18T19:18:14.817Z] <<< [apiv2][status] GET https://runtimeconfig.googleapis.com/v1beta1/projects/lardner-zhang-final-csse280/configs 200
[debug] [2024-05-18T19:18:14.817Z] <<< [apiv2][body] GET https://runtimeconfig.googleapis.com/v1beta1/projects/lardner-zhang-final-csse280/configs {}
[debug] [2024-05-18T19:18:14.820Z] Validating nodejs source
[debug] [2024-05-18T19:18:16.538Z] > [functions] package.json contents: {
  "name": "functions",
  "description": "Cloud Functions for Firebase",
  "scripts": {
    "serve": "firebase emulators:start --only functions",
    "shell": "firebase functions:shell",
    "start": "npm run shell",
    "deploy": "firebase deploy --only functions",
    "logs": "firebase functions:log"
  },
  "engines": {
    "node": "18"
  },
  "main": "index.js",
  "dependencies": {
    "firebase-admin": "^12.1.0",
    "firebase-functions": "^5.0.0",
    "body-parser": "^1.20.2",
    "cors": "^2.8.5",
    "dotenv": "^16.4.5",
    "express": "^4.19.2",
    "jquery": "^3.7.1",
    "spotify-web-api-node": "^5.0.2"
  },
  "devDependencies": {
    "firebase-functions-test": "^3.1.0"
  },
  "private": true
}
[debug] [2024-05-18T19:18:16.539Z] Building nodejs source
[info] i  functions: Loading and analyzing source code for codebase default to determine what to deploy 
[debug] [2024-05-18T19:18:16.540Z] Could not find functions.yaml. Must use http discovery
[debug] [2024-05-18T19:18:16.551Z] Found firebase-functions binary at 'C:\Users\zhangl8\Documents\csse-280-spring-2023-2024-final-project-repo-t4-lardner-zhang\node_modules\.bin\firebase-functions'
[info] Serving at port 8133

[info] backend ready

[debug] [2024-05-18T19:18:17.548Z] Got response from /__/functions.yaml {"endpoints":{"api":{"platform":"gcfv1","availableMemoryMb":null,"timeoutSeconds":null,"minInstances":null,"maxInstances":null,"ingressSettings":null,"serviceAccountEmail":null,"vpc":null,"httpsTrigger":{},"entryPoint":"api"}},"specVersion":"v1alpha1","requiredAPIs":[]}
[error] Something went wrong when retrieving an access token WebapiAuthenticationError: An authentication error occurred while communicating with Spotify's Web API.
Details: invalid_client Invalid client.
    at _toError (C:\Users\zhangl8\Documents\csse-280-spring-2023-2024-final-project-repo-t4-lardner-zhang\node_modules\spotify-web-api-node\src\http-manager.js:43:12)
    at C:\Users\zhangl8\Documents\csse-280-spring-2023-2024-final-project-repo-t4-lardner-zhang\node_modules\spotify-web-api-node\src\http-manager.js:71:25
    at Request.callback (C:\Users\zhangl8\Documents\csse-280-spring-2023-2024-final-project-repo-t4-lardner-zhang\node_modules\superagent\lib\node\index.js:905:3)
    at C:\Users\zhangl8\Documents\csse-280-spring-2023-2024-final-project-repo-t4-lardner-zhang\node_modules\superagent\lib\node\index.js:1127:20
    at IncomingMessage.<anonymous> (C:\Users\zhangl8\Documents\csse-280-spring-2023-2024-final-project-repo-t4-lardner-zhang\node_modules\superagent\lib\node\parsers\json.js:22:7)
    at Stream.emit (node:events:513:28)
    at Unzip.<anonymous> (C:\Users\zhangl8\Documents\csse-280-spring-2023-2024-final-project-repo-t4-lardner-zhang\node_modules\superagent\lib\node\unzip.js:53:12)
    at Unzip.emit (node:events:513:28)
    at endReadableNT (node:internal/streams/readable:1359:12)
    at process.processTicksAndRejections (node:internal/process/task_queues:82:21) {
  body: { error: 'invalid_client', error_description: 'Invalid client' },
  headers: {
    date: 'Sat, 18 May 2024 19:18:17 GMT',
    'content-type': 'application/json',
    'set-cookie': [
      '__Host-device_id=AQCTsZMhVsJSB3up8nm1ecrHKZ4NLrQg4-D-15xpD-KWqh_qj1H-xaB33qLWPWZ5EscKnnVZRVwOa7-5XDCGN0e9cyyH7HO6XCw;Version=1;Path=/;Max-Age=2147483647;Secure;HttpOnly;SameSite=Lax',
      'sp_tr=false;Version=1;Domain=accounts.spotify.com;Path=/;Secure;SameSite=Lax'
    ],
    'sp-trace-id': '991f93f440ef0744',
    'x-envoy-upstream-service-time': '6',
    server: 'envoy',
    'strict-transport-security': 'max-age=31536000',
    'x-content-type-options': 'nosniff',
    'content-encoding': 'gzip',
    vary: 'Accept-Encoding',
    via: 'HTTP/2 edgeproxy, 1.1 google',
    'alt-svc': 'h3=":443"; ma=2592000,h3-29=":443"; ma=2592000',
    connection: 'close',
    'transfer-encoding': 'chunked'
  },
  statusCode: 400
}

[error] node:internal/process/promises:288
            triggerUncaughtException(err, true /* fromPromise */);
            ^

WebapiAuthenticationError: An authentication error occurred while communicating with Spotify's Web API.
Details: invalid_client Invalid client.
    at _toError (C:\Users\zhangl8\Documents\csse-280-spring-2023-2024-final-project-repo-t4-lardner-zhang\node_modules\spotify-web-api-node\src\http-manager.js:43:12)
    at C:\Users\zhangl8\Documents\csse-280-spring-2023-2024-final-project-repo-t4-lardner-zhang\node_modules\spotify-web-api-node\src\http-manager.js:71:25
    at Request.callback (C:\Users\zhangl8\Documents\csse-280-spring-2023-2024-final-project-repo-t4-lardner-zhang\node_modules\superagent\lib\node\index.js:905:3)
    at C:\Users\zhangl8\Documents\csse-280-spring-2023-2024-final-project-repo-t4-lardner-zhang\node_modules\superagent\lib\node\index.js:1127:20
    at IncomingMessage.<anonymous> (C:\Users\zhangl8\Documents\csse-280-spring-2023-2024-final-project-repo-t4-lardner-zhang\node_modules\superagent\lib\node\parsers\json.js:22:7)
    at Stream.emit (node:events:513:28)
    at Unzip.<anonymous> (C:\Users\zhangl8\Documents\csse-280-spring-2023-2024-final-project-repo-t4-lardner-zhang\node_modules\superagent\lib\node\unzip.js:53:12)
    at Unzip.emit (node:events:513:28)
    at endReadableNT (node:internal/streams/readable:1359:12)
    at process.processTicksAndRejections (node:internal/process/task_queues:82:21) {
  body: { error: 'invalid_client', error_description: 'Invalid client' },
  headers: {
    date: 'Sat, 18 May 2024 19:18:17 GMT',
    'content-type': 'application/json',
    'set-cookie': [
      '__Host-device_id=AQCTsZMhVsJSB3up8nm1ecrHKZ4NLrQg4-D-15xpD-KWqh_qj1H-xaB33qLWPWZ5EscKnnVZRVwOa7-5XDCGN0e9cyyH7HO6XCw;Version=1;Path=/;Max-Age=2147483647;Secure;HttpOnly;SameSite=Lax',
      'sp_tr=false;Version=1;Domain=accounts.spotify.com;Path=/;Secure;SameSite=Lax'
    ],
    'sp-trace-id': '991f93f440ef0744',
    'x-envoy-upstream-service-time': '6',
    server: 'envoy',
    'strict-transport-security': 'max-age=31536000',
    'x-content-type-options': 'nosniff',
    'content-encoding': 'gzip',
    vary: 'Accept-Encoding',
    via: 'HTTP/2 edgeproxy, 1.1 google',
    'alt-svc': 'h3=":443"; ma=2592000,h3-29=":443"; ma=2592000',
    connection: 'close',
    'transfer-encoding': 'chunked'
  },
  statusCode: 400
}

Node.js v18.14.2

[info] i  functions: preparing functions directory for uploading... 
[info] i  functions: packaged C:\Users\zhangl8\Documents\csse-280-spring-2023-2024-final-project-repo-t4-lardner-zhang\functions (67.52 KB) for uploading 
[debug] [2024-05-18T19:18:17.732Z] >>> [apiv2][query] GET https://cloudfunctions.googleapis.com/v1/projects/lardner-zhang-final-csse280/locations/-/functions [none]
[debug] [2024-05-18T19:18:18.219Z] <<< [apiv2][status] GET https://cloudfunctions.googleapis.com/v1/projects/lardner-zhang-final-csse280/locations/-/functions 200
[debug] [2024-05-18T19:18:18.219Z] <<< [apiv2][body] GET https://cloudfunctions.googleapis.com/v1/projects/lardner-zhang-final-csse280/locations/-/functions {"functions":[{"name":"projects/lardner-zhang-final-csse280/locations/us-central1/functions/api","httpsTrigger":{"url":"https://us-central1-lardner-zhang-final-csse280.cloudfunctions.net/api","securityLevel":"SECURE_ALWAYS"},"status":"ACTIVE","entryPoint":"api","timeout":"60s","availableMemoryMb":256,"serviceAccountEmail":"lardner-zhang-final-csse280@appspot.gserviceaccount.com","updateTime":"2024-05-16T16:24:43.452Z","versionId":"15","labels":{"deployment-tool":"cli-firebase","firebase-functions-hash":"1edd5210f712629f1a617cd6a26515ff3fcd53e0"},"sourceUploadUrl":"https://storage.googleapis.com/uploads-1022931293210.us-central1.cloudfunctions.appspot.com/74bf9e97-375e-4076-ba63-ede3d06454dc.zip","environmentVariables":{"CLIENT_ID":"f28dcbc35c7a4e379df5e4b1af5a0ef0","CLIENT_SECRET":"80eff7d26b3a4fb2ad34c00a50763956","REDIRECT_URL":"https://us-central1-lardner-zhang-final-csse280.cloudfunctions.net/api/callback","FIREBASE_CONFIG":"{\"projectId\":\"lardner-zhang-final-csse280\",\"storageBucket\":\"lardner-zhang-final-csse280.appspot.com\"}","GCLOUD_PROJECT":"lardner-zhang-final-csse280","EVENTARC_CLOUD_EVENT_SOURCE":"projects/lardner-zhang-final-csse280/locations/us-central1/functions/api"},"runtime":"nodejs18","ingressSettings":"ALLOW_ALL","buildId":"8b3af51a-555f-4535-8902-bebb551a54b6","buildEnvironmentVariables":{"GOOGLE_NODE_RUN_SCRIPTS":""},"buildName":"projects/308052716821/locations/us-central1/builds/8b3af51a-555f-4535-8902-bebb551a54b6","dockerRegistry":"ARTIFACT_REGISTRY","automaticUpdatePolicy":{}}]}
[debug] [2024-05-18T19:18:18.220Z] >>> [apiv2][query] GET https://cloudfunctions.googleapis.com/v2/projects/lardner-zhang-final-csse280/locations/-/functions filter=environment%3D%22GEN_2%22
[debug] [2024-05-18T19:18:18.614Z] <<< [apiv2][status] GET https://cloudfunctions.googleapis.com/v2/projects/lardner-zhang-final-csse280/locations/-/functions 200
[debug] [2024-05-18T19:18:18.614Z] <<< [apiv2][body] GET https://cloudfunctions.googleapis.com/v2/projects/lardner-zhang-final-csse280/locations/-/functions {}
[debug] [2024-05-18T19:18:18.616Z] >>> [apiv2][query] GET https://firebase.googleapis.com/v1beta1/projects/lardner-zhang-final-csse280 [none]
[debug] [2024-05-18T19:18:18.776Z] <<< [apiv2][status] GET https://firebase.googleapis.com/v1beta1/projects/lardner-zhang-final-csse280 200
[debug] [2024-05-18T19:18:18.776Z] <<< [apiv2][body] GET https://firebase.googleapis.com/v1beta1/projects/lardner-zhang-final-csse280 {"projectId":"lardner-zhang-final-csse280","projectNumber":"308052716821","displayName":"Lardner-Zhang-Final-CSSE280","name":"projects/lardner-zhang-final-csse280","resources":{"hostingSite":"lardner-zhang-final-csse280"},"state":"ACTIVE","etag":"1_6f2e8a8c-0fd3-4a02-82f6-ac2d55107516"}
[debug] [2024-05-18T19:18:18.780Z] >>> [apiv2][query] POST https://firebasehosting.googleapis.com/v1beta1/projects/-/sites/lardner-zhang-final-csse280/versions [none]
[debug] [2024-05-18T19:18:18.780Z] >>> [apiv2][body] POST https://firebasehosting.googleapis.com/v1beta1/projects/-/sites/lardner-zhang-final-csse280/versions {"status":"CREATED","labels":{"deployment-tool":"cli-firebase"}}
[debug] [2024-05-18T19:18:19.199Z] <<< [apiv2][status] POST https://firebasehosting.googleapis.com/v1beta1/projects/-/sites/lardner-zhang-final-csse280/versions 200
[debug] [2024-05-18T19:18:19.200Z] <<< [apiv2][body] POST https://firebasehosting.googleapis.com/v1beta1/projects/-/sites/lardner-zhang-final-csse280/versions {"name":"projects/308052716821/sites/lardner-zhang-final-csse280/versions/dec41d545735bec3","status":"CREATED","config":{},"labels":{"deployment-tool":"cli-firebase"}}
[info] i  firestore: deploying indexes... 
[debug] [2024-05-18T19:18:19.201Z] >>> [apiv2][query] GET https://firebaserules.googleapis.com/v1/projects/lardner-zhang-final-csse280/releases pageSize=10&pageToken=
[debug] [2024-05-18T19:18:19.203Z] >>> [apiv2][query] GET https://firestore.googleapis.com/v1/projects/lardner-zhang-final-csse280/databases/(default)/collectionGroups/-/indexes [none]
[debug] [2024-05-18T19:18:19.353Z] <<< [apiv2][status] GET https://firebaserules.googleapis.com/v1/projects/lardner-zhang-final-csse280/releases 200
[debug] [2024-05-18T19:18:19.353Z] <<< [apiv2][body] GET https://firebaserules.googleapis.com/v1/projects/lardner-zhang-final-csse280/releases {"releases":[{"name":"projects/lardner-zhang-final-csse280/releases/cloud.firestore","rulesetName":"projects/lardner-zhang-final-csse280/rulesets/87ac9a6d-8bb2-464e-a9af-e0786220d538","createTime":"2024-05-09T15:26:56.657632Z","updateTime":"2024-05-17T16:14:29.866654Z"}]}
[debug] [2024-05-18T19:18:19.353Z] >>> [apiv2][query] GET https://firebaserules.googleapis.com/v1/projects/lardner-zhang-final-csse280/rulesets/87ac9a6d-8bb2-464e-a9af-e0786220d538 [none]
[debug] [2024-05-18T19:18:19.384Z] <<< [apiv2][status] GET https://firestore.googleapis.com/v1/projects/lardner-zhang-final-csse280/databases/(default)/collectionGroups/-/indexes 200
[debug] [2024-05-18T19:18:19.384Z] <<< [apiv2][body] GET https://firestore.googleapis.com/v1/projects/lardner-zhang-final-csse280/databases/(default)/collectionGroups/-/indexes {}
[debug] [2024-05-18T19:18:19.384Z] >>> [apiv2][query] GET https://firestore.googleapis.com/v1/projects/lardner-zhang-final-csse280/databases/(default)/collectionGroups/-/fields?filter=indexConfig.usesAncestorConfig=false OR ttlConfig:* [none]
[debug] [2024-05-18T19:18:19.472Z] <<< [apiv2][status] GET https://firebaserules.googleapis.com/v1/projects/lardner-zhang-final-csse280/rulesets/87ac9a6d-8bb2-464e-a9af-e0786220d538 200
[debug] [2024-05-18T19:18:19.472Z] <<< [apiv2][body] GET https://firebaserules.googleapis.com/v1/projects/lardner-zhang-final-csse280/rulesets/87ac9a6d-8bb2-464e-a9af-e0786220d538 [omitted]
[info] i  firestore: uploading rules firestore.rules... 
[debug] [2024-05-18T19:18:19.475Z] >>> [apiv2][query] POST https://firebaserules.googleapis.com/v1/projects/lardner-zhang-final-csse280/rulesets [none]
[debug] [2024-05-18T19:18:19.475Z] >>> [apiv2][body] POST https://firebaserules.googleapis.com/v1/projects/lardner-zhang-final-csse280/rulesets [omitted]
[debug] [2024-05-18T19:18:19.595Z] <<< [apiv2][status] POST https://firebaserules.googleapis.com/v1/projects/lardner-zhang-final-csse280/rulesets 200
[debug] [2024-05-18T19:18:19.595Z] <<< [apiv2][body] POST https://firebaserules.googleapis.com/v1/projects/lardner-zhang-final-csse280/rulesets {"name":"projects/lardner-zhang-final-csse280/rulesets/168ed08f-8390-411c-a9ac-cb197db7dbab","source":{"files":[{"content":"service cloud.firestore {\r\n  match /databases/{database}/documents {\r\n    match /{document=**} {\r\n      // This rule allows anyone with your database reference to view, edit,\r\n      // and delete all data in your database. It is useful for getting\r\n      // started, but it is configured to expire after 30 days because it\r\n      // leaves your app open to attackers. At that time, all client\r\n      // requests to your database will be denied.\r\n      //\r\n      // Make sure to write security rules for your app before that time, or\r\n      // else all client requests to your database will be denied until you\r\n      // update your rules.\r\n      allow read, write: if request.time < timestamp.date(2024, 6, 8);\r\n    }\r\n  }\r\n}\r\n","name":"firestore.rules"}]},"createTime":"2024-05-18T19:18:19.630543Z","metadata":{"services":["cloud.firestore"]}}
[debug] [2024-05-18T19:18:19.595Z] [rules] created ruleset projects/lardner-zhang-final-csse280/rulesets/168ed08f-8390-411c-a9ac-cb197db7dbab
[debug] [2024-05-18T19:18:19.616Z] <<< [apiv2][status] GET https://firestore.googleapis.com/v1/projects/lardner-zhang-final-csse280/databases/(default)/collectionGroups/-/fields?filter=indexConfig.usesAncestorConfig=false OR ttlConfig:* 200
[debug] [2024-05-18T19:18:19.616Z] <<< [apiv2][body] GET https://firestore.googleapis.com/v1/projects/lardner-zhang-final-csse280/databases/(default)/collectionGroups/-/fields?filter=indexConfig.usesAncestorConfig=false OR ttlConfig:* {"fields":[{"name":"projects/lardner-zhang-final-csse280/databases/(default)/collectionGroups/__default__/fields/*","indexConfig":{"indexes":[{"queryScope":"COLLECTION","fields":[{"fieldPath":"*","order":"ASCENDING"}],"state":"READY"},{"queryScope":"COLLECTION","fields":[{"fieldPath":"*","order":"DESCENDING"}],"state":"READY"},{"queryScope":"COLLECTION","fields":[{"fieldPath":"*","arrayConfig":"CONTAINS"}],"state":"READY"}]}}]}
[info] +  firestore: deployed indexes in firestore.indexes.json successfully for (default) database 
[debug] [2024-05-18T19:18:19.617Z] >>> [apiv2][query] POST https://cloudfunctions.googleapis.com/v1/projects/lardner-zhang-final-csse280/locations/us-central1/functions:generateUploadUrl [none]
[debug] [2024-05-18T19:18:19.617Z] >>> [apiv2][body] POST https://cloudfunctions.googleapis.com/v1/projects/lardner-zhang-final-csse280/locations/us-central1/functions:generateUploadUrl {}
[debug] [2024-05-18T19:18:20.025Z] <<< [apiv2][status] POST https://cloudfunctions.googleapis.com/v1/projects/lardner-zhang-final-csse280/locations/us-central1/functions:generateUploadUrl 200
[debug] [2024-05-18T19:18:20.025Z] <<< [apiv2][body] POST https://cloudfunctions.googleapis.com/v1/projects/lardner-zhang-final-csse280/locations/us-central1/functions:generateUploadUrl {"uploadUrl":"https://storage.googleapis.com/uploads-1022931293210.us-central1.cloudfunctions.appspot.com/503f4947-ae05-415d-8ec2-27a4cf937b81.zip?GoogleAccessId=service-308052716821@gcf-admin-robot.iam.gserviceaccount.com&Expires=1716061700&Signature=qmXoN4eM9ZTsKEA2721deNBi8rSJTEu%2FZJoQTuCMp0JKGuSrQkfHufb9NsGrbBgYe%2BoW5TlRN%2FvjCKhQbh7zIesHztvISw8QPquTEMG85%2BeFdnhm1WCTqc%2F8%2Br4ilr8QlO%2Bp%2Bt8vTAI%2F3PPZqL1UdLCfXhDHDElFTXS6XOOdSl%2B9a8wcv44uRbJwGdwMQ3SSvGwA5dCLkWWNp%2FVymoOSEaeeuPzo1sgBORhYEqy1bHVN0dWgYCfw8YUeHWXUIGtjtxxJbfvF2wkriKTjGzgm1zU9BxUDJ%2FpnfpP3DPKGyhZALsICSxALf9sUx2PilMORB1FcCnVzuQvsCDV0rf3hEQ%3D%3D"}
[debug] [2024-05-18T19:18:20.025Z] >>> [apiv2][query] PUT https://storage.googleapis.com/uploads-1022931293210.us-central1.cloudfunctions.appspot.com/503f4947-ae05-415d-8ec2-27a4cf937b81.zip GoogleAccessId=service-308052716821%40gcf-admin-robot.iam.gserviceaccount.com&Expires=1716061700&Signature=qmXoN4eM9ZTsKEA2721deNBi8rSJTEu%2FZJoQTuCMp0JKGuSrQkfHufb9NsGrbBgYe%2BoW5TlRN%2FvjCKhQbh7zIesHztvISw8QPquTEMG85%2BeFdnhm1WCTqc%2F8%2Br4ilr8QlO%2Bp%2Bt8vTAI%2F3PPZqL1UdLCfXhDHDElFTXS6XOOdSl%2B9a8wcv44uRbJwGdwMQ3SSvGwA5dCLkWWNp%2FVymoOSEaeeuPzo1sgBORhYEqy1bHVN0dWgYCfw8YUeHWXUIGtjtxxJbfvF2wkriKTjGzgm1zU9BxUDJ%2FpnfpP3DPKGyhZALsICSxALf9sUx2PilMORB1FcCnVzuQvsCDV0rf3hEQ%3D%3D
[debug] [2024-05-18T19:18:20.025Z] >>> [apiv2][body] PUT https://storage.googleapis.com/uploads-1022931293210.us-central1.cloudfunctions.appspot.com/503f4947-ae05-415d-8ec2-27a4cf937b81.zip [stream]
[debug] [2024-05-18T19:18:20.215Z] <<< [apiv2][status] PUT https://storage.googleapis.com/uploads-1022931293210.us-central1.cloudfunctions.appspot.com/503f4947-ae05-415d-8ec2-27a4cf937b81.zip 200
[debug] [2024-05-18T19:18:20.215Z] <<< [apiv2][body] PUT https://storage.googleapis.com/uploads-1022931293210.us-central1.cloudfunctions.appspot.com/503f4947-ae05-415d-8ec2-27a4cf937b81.zip [omitted]
[info] +  functions: functions folder uploaded successfully 
[info] i  hosting[lardner-zhang-final-csse280]: beginning deploy... 
[info] i  hosting[lardner-zhang-final-csse280]: found 15 files in public 
[debug] [2024-05-18T19:18:20.226Z] [hosting] uploading with 200 concurrency
[debug] [2024-05-18T19:18:20.260Z] [hosting] hash cache [cHVibGlj] stored for 15 files
[debug] [2024-05-18T19:18:20.260Z] [hosting][hash queue][FINAL] {"max":29,"min":5,"avg":10.400000000000002,"active":0,"complete":15,"success":15,"errored":0,"retried":0,"total":15,"elapsed":33}
[debug] [2024-05-18T19:18:20.261Z] >>> [apiv2][query] POST https://firebasehosting.googleapis.com/v1beta1/projects/308052716821/sites/lardner-zhang-final-csse280/versions/dec41d545735bec3:populateFiles [none]
[debug] [2024-05-18T19:18:20.261Z] >>> [apiv2][body] POST https://firebasehosting.googleapis.com/v1beta1/projects/308052716821/sites/lardner-zhang-final-csse280/versions/dec41d545735bec3:populateFiles {"files":{"/details.html":"0cd1bdc78ee0e1efa2c4a9529f9748dc87011fc8c41b9f20dd91e2a27b68d268","/index.html":"3056ebe7bbdcf0669735bc2f8221f407408f4c92e56164c6d03512c1dea8bf99","/songs.html":"701c9cb142a1aee756e6fb0822dae00f81485ecd80a5f6a820523d96cf3b328b","/404.html":"ef0b04e65d47c8e8ba665d0a85d910d1e6149dc2d6e0d45f92b303b1a08bc114","/results.html":"8b340009f70a9bf46b8a426f67a81a9b480ae778feeabd1d9ea12db828f69992","/favicon.ico":"c9854301b4bcfae892b41aa27d8f124b781444a7f7c47fd68c4e0b6be0f2bf88","/scripts/main.js":"a1d3f3049bceceffdbdf2a46c70705913c1db6419bea08249adb0a89b93be139","/styles/main.css":"d7bfbf09bd46a7d770e80342b3221bc734e075644db8b2592a7e7b1d6e6035f8","/scripts/rosefire.min.js":"dfb8af1e07e7d000ae8fe216a37eb52a6072867f36cdba82b0af810d38374e55","/scripts/jquery.min.js":"c4a2a9e308b6bef0548f22a852194250223d34a29cb27a95adedcc838534abd6","/scripts/popper.js":"22f0e65abb66044516351cd9ebf7ae91ba0794638575f738ae66486ff2e5d11e","/scripts/popper.js.map":"200469a99ef907a8006070052e36b9f90f90f497aa2106b66ecff40d5fad63d8","/scripts/bootstrap-material-design.js":"9c66e406836639fc6d3cac4658b159af14782d17cdbb30d151891443ffd39fa8","/styles/bootstrap-material-design.min.css":"3502af94a211d04b85cc26264caaae8f631ea3e8026fbdc1f472cc790676099f","/scripts/bootstrap-material-design.js.map":"b050c7595e3e72219ec6e33cdba0eb376d4316f83f2c42e8d5f9155f7e657904"}}
[debug] [2024-05-18T19:18:20.482Z] <<< [apiv2][status] POST https://firebasehosting.googleapis.com/v1beta1/projects/308052716821/sites/lardner-zhang-final-csse280/versions/dec41d545735bec3:populateFiles 200
[debug] [2024-05-18T19:18:20.482Z] <<< [apiv2][body] POST https://firebasehosting.googleapis.com/v1beta1/projects/308052716821/sites/lardner-zhang-final-csse280/versions/dec41d545735bec3:populateFiles {"uploadUrl":"https://upload-firebasehosting.googleapis.com/upload/sites/lardner-zhang-final-csse280/versions/dec41d545735bec3/files"}
[debug] [2024-05-18T19:18:20.482Z] [hosting][populate queue][FINAL] {"max":224,"min":224,"avg":224,"active":0,"complete":1,"success":1,"errored":0,"retried":0,"total":1,"elapsed":224}
[debug] [2024-05-18T19:18:20.482Z] [hosting] uploads queued: 0
[debug] [2024-05-18T19:18:20.482Z] [hosting][upload queue][FINAL] {"max":0,"min":9999999999,"avg":0,"active":0,"complete":0,"success":0,"errored":0,"retried":0,"total":0,"elapsed":1716059900482}
[info] +  hosting[lardner-zhang-final-csse280]: file upload complete 
[debug] [2024-05-18T19:18:20.483Z] [hosting] deploy completed after 266ms
[debug] [2024-05-18T19:18:20.484Z] [rules] releasing cloud.firestore/(default) with ruleset projects/lardner-zhang-final-csse280/rulesets/168ed08f-8390-411c-a9ac-cb197db7dbab
[debug] [2024-05-18T19:18:20.484Z] >>> [apiv2][query] PATCH https://firebaserules.googleapis.com/v1/projects/lardner-zhang-final-csse280/releases/cloud.firestore/(default) [none]
[debug] [2024-05-18T19:18:20.484Z] >>> [apiv2][body] PATCH https://firebaserules.googleapis.com/v1/projects/lardner-zhang-final-csse280/releases/cloud.firestore/(default) {"release":{"name":"projects/lardner-zhang-final-csse280/releases/cloud.firestore/(default)","rulesetName":"projects/lardner-zhang-final-csse280/rulesets/168ed08f-8390-411c-a9ac-cb197db7dbab"}}
[debug] [2024-05-18T19:18:20.606Z] <<< [apiv2][status] PATCH https://firebaserules.googleapis.com/v1/projects/lardner-zhang-final-csse280/releases/cloud.firestore/(default) 200
[debug] [2024-05-18T19:18:20.606Z] <<< [apiv2][body] PATCH https://firebaserules.googleapis.com/v1/projects/lardner-zhang-final-csse280/releases/cloud.firestore/(default) {"name":"projects/lardner-zhang-final-csse280/releases/cloud.firestore","rulesetName":"projects/lardner-zhang-final-csse280/rulesets/168ed08f-8390-411c-a9ac-cb197db7dbab","createTime":"2024-05-09T15:26:56.657632Z","updateTime":"2024-05-18T19:18:20.647795Z"}
[debug] [2024-05-18T19:18:20.606Z] [rules] updated release projects/lardner-zhang-final-csse280/releases/cloud.firestore
[info] +  firestore: released rules firestore.rules to cloud.firestore 
[info] i  functions: updating Node.js 18 (1st Gen) function api(us-central1)... 
[debug] [2024-05-18T19:18:20.609Z] >>> [apiv2][query] PATCH https://cloudfunctions.googleapis.com/v1/projects/lardner-zhang-final-csse280/locations/us-central1/functions/api updateMask=name%2CsourceUploadUrl%2CentryPoint%2Cruntime%2CdockerRegistry%2Clabels%2ChttpsTrigger.securityLevel%2CminInstances%2CmaxInstances%2CingressSettings%2CenvironmentVariables%2CserviceAccountEmail%2CavailableMemoryMb%2Ctimeout%2CvpcConnector%2CvpcConnectorEgressSettings%2CsourceToken%2CbuildEnvironmentVariables
[debug] [2024-05-18T19:18:20.609Z] >>> [apiv2][body] PATCH https://cloudfunctions.googleapis.com/v1/projects/lardner-zhang-final-csse280/locations/us-central1/functions/api {"name":"projects/lardner-zhang-final-csse280/locations/us-central1/functions/api","sourceUploadUrl":"https://storage.googleapis.com/uploads-1022931293210.us-central1.cloudfunctions.appspot.com/503f4947-ae05-415d-8ec2-27a4cf937b81.zip?GoogleAccessId=service-308052716821@gcf-admin-robot.iam.gserviceaccount.com&Expires=1716061700&Signature=qmXoN4eM9ZTsKEA2721deNBi8rSJTEu%2FZJoQTuCMp0JKGuSrQkfHufb9NsGrbBgYe%2BoW5TlRN%2FvjCKhQbh7zIesHztvISw8QPquTEMG85%2BeFdnhm1WCTqc%2F8%2Br4ilr8QlO%2Bp%2Bt8vTAI%2F3PPZqL1UdLCfXhDHDElFTXS6XOOdSl%2B9a8wcv44uRbJwGdwMQ3SSvGwA5dCLkWWNp%2FVymoOSEaeeuPzo1sgBORhYEqy1bHVN0dWgYCfw8YUeHWXUIGtjtxxJbfvF2wkriKTjGzgm1zU9BxUDJ%2FpnfpP3DPKGyhZALsICSxALf9sUx2PilMORB1FcCnVzuQvsCDV0rf3hEQ%3D%3D","entryPoint":"api","runtime":"nodejs18","dockerRegistry":"ARTIFACT_REGISTRY","labels":{"deployment-tool":"cli-firebase","firebase-functions-hash":"98a62e2aef43ada3cd2a7f80054f0b03e979f2f9"},"httpsTrigger":{"securityLevel":"SECURE_ALWAYS"},"minInstances":null,"maxInstances":null,"ingressSettings":null,"environmentVariables":{"CLIENT_ID":"f28dcbc35c7a4e379df5e4b1af5a0ef0","CLIENT_SECRET":"80eff7d26b3a4fb2ad34c00a50763956","REDIRECT_URL":"https://us-central1-lardner-zhang-final-csse280.cloudfunctions.net/api/callback","FIREBASE_CONFIG":"{\"projectId\":\"lardner-zhang-final-csse280\",\"storageBucket\":\"lardner-zhang-final-csse280.appspot.com\"}","GCLOUD_PROJECT":"lardner-zhang-final-csse280","EVENTARC_CLOUD_EVENT_SOURCE":"projects/lardner-zhang-final-csse280/locations/us-central1/functions/api"},"serviceAccountEmail":null,"availableMemoryMb":null,"timeout":null,"vpcConnector":null,"vpcConnectorEgressSettings":null,"buildEnvironmentVariables":{"GOOGLE_NODE_RUN_SCRIPTS":""}}
[debug] [2024-05-18T19:18:21.078Z] <<< [apiv2][status] PATCH https://cloudfunctions.googleapis.com/v1/projects/lardner-zhang-final-csse280/locations/us-central1/functions/api 200
[debug] [2024-05-18T19:18:21.078Z] <<< [apiv2][body] PATCH https://cloudfunctions.googleapis.com/v1/projects/lardner-zhang-final-csse280/locations/us-central1/functions/api {"name":"operations/bGFyZG5lci16aGFuZy1maW5hbC1jc3NlMjgwL3VzLWNlbnRyYWwxL2FwaS8zMjQ2MURtQ041aw","metadata":{"@type":"type.googleapis.com/google.cloud.functions.v1.OperationMetadataV1","target":"projects/lardner-zhang-final-csse280/locations/us-central1/functions/api","type":"UPDATE_FUNCTION","request":{"@type":"type.googleapis.com/google.cloud.functions.v1.CloudFunction","name":"projects/lardner-zhang-final-csse280/locations/us-central1/functions/api","httpsTrigger":{"url":"https://us-central1-lardner-zhang-final-csse280.cloudfunctions.net/api","securityLevel":"SECURE_ALWAYS"},"status":"ACTIVE","entryPoint":"api","updateTime":"2024-05-16T16:24:43.452Z","versionId":"15","labels":{"deployment-tool":"cli-firebase","firebase-functions-hash":"98a62e2aef43ada3cd2a7f80054f0b03e979f2f9"},"sourceUploadUrl":"https://storage.googleapis.com/uploads-1022931293210.us-central1.cloudfunctions.appspot.com/503f4947-ae05-415d-8ec2-27a4cf937b81.zip?GoogleAccessId=service-308052716821@gcf-admin-robot.iam.gserviceaccount.com&Expires=1716061700&Signature=qmXoN4eM9ZTsKEA2721deNBi8rSJTEu%2FZJoQTuCMp0JKGuSrQkfHufb9NsGrbBgYe%2BoW5TlRN%2FvjCKhQbh7zIesHztvISw8QPquTEMG85%2BeFdnhm1WCTqc%2F8%2Br4ilr8QlO%2Bp%2Bt8vTAI%2F3PPZqL1UdLCfXhDHDElFTXS6XOOdSl%2B9a8wcv44uRbJwGdwMQ3SSvGwA5dCLkWWNp%2FVymoOSEaeeuPzo1sgBORhYEqy1bHVN0dWgYCfw8YUeHWXUIGtjtxxJbfvF2wkriKTjGzgm1zU9BxUDJ%2FpnfpP3DPKGyhZALsICSxALf9sUx2PilMORB1FcCnVzuQvsCDV0rf3hEQ%3D%3D","environmentVariables":{"CLIENT_ID":"f28dcbc35c7a4e379df5e4b1af5a0ef0","CLIENT_SECRET":"80eff7d26b3a4fb2ad34c00a50763956","REDIRECT_URL":"https://us-central1-lardner-zhang-final-csse280.cloudfunctions.net/api/callback","FIREBASE_CONFIG":"{\"projectId\":\"lardner-zhang-final-csse280\",\"storageBucket\":\"lardner-zhang-final-csse280.appspot.com\"}","GCLOUD_PROJECT":"lardner-zhang-final-csse280","EVENTARC_CLOUD_EVENT_SOURCE":"projects/lardner-zhang-final-csse280/locations/us-central1/functions/api"},"runtime":"nodejs18","buildId":"8b3af51a-555f-4535-8902-bebb551a54b6","buildEnvironmentVariables":{"GOOGLE_NODE_RUN_SCRIPTS":""},"buildName":"projects/308052716821/locations/us-central1/builds/8b3af51a-555f-4535-8902-bebb551a54b6","dockerRegistry":"ARTIFACT_REGISTRY","automaticUpdatePolicy":{}},"versionId":"16","updateTime":"2024-05-18T19:18:21Z"}}
[debug] [2024-05-18T19:18:21.078Z] >>> [apiv2][query] GET https://cloudfunctions.googleapis.com/v1/operations/bGFyZG5lci16aGFuZy1maW5hbC1jc3NlMjgwL3VzLWNlbnRyYWwxL2FwaS8zMjQ2MURtQ041aw [none]
[debug] [2024-05-18T19:18:21.192Z] <<< [apiv2][status] GET https://cloudfunctions.googleapis.com/v1/operations/bGFyZG5lci16aGFuZy1maW5hbC1jc3NlMjgwL3VzLWNlbnRyYWwxL2FwaS8zMjQ2MURtQ041aw 200
[debug] [2024-05-18T19:18:21.192Z] <<< [apiv2][body] GET https://cloudfunctions.googleapis.com/v1/operations/bGFyZG5lci16aGFuZy1maW5hbC1jc3NlMjgwL3VzLWNlbnRyYWwxL2FwaS8zMjQ2MURtQ041aw {"name":"operations/bGFyZG5lci16aGFuZy1maW5hbC1jc3NlMjgwL3VzLWNlbnRyYWwxL2FwaS8zMjQ2MURtQ041aw","metadata":{"@type":"type.googleapis.com/google.cloud.functions.v1.OperationMetadataV1","target":"projects/lardner-zhang-final-csse280/locations/us-central1/functions/api","type":"UPDATE_FUNCTION","request":{"@type":"type.googleapis.com/google.cloud.functions.v1.CloudFunction","name":"projects/lardner-zhang-final-csse280/locations/us-central1/functions/api","httpsTrigger":{"url":"https://us-central1-lardner-zhang-final-csse280.cloudfunctions.net/api","securityLevel":"SECURE_ALWAYS"},"status":"ACTIVE","entryPoint":"api","updateTime":"2024-05-16T16:24:43.452Z","versionId":"15","labels":{"deployment-tool":"cli-firebase","firebase-functions-hash":"98a62e2aef43ada3cd2a7f80054f0b03e979f2f9"},"sourceUploadUrl":"https://storage.googleapis.com/uploads-1022931293210.us-central1.cloudfunctions.appspot.com/503f4947-ae05-415d-8ec2-27a4cf937b81.zip?GoogleAccessId=service-308052716821@gcf-admin-robot.iam.gserviceaccount.com&Expires=1716061700&Signature=qmXoN4eM9ZTsKEA2721deNBi8rSJTEu%2FZJoQTuCMp0JKGuSrQkfHufb9NsGrbBgYe%2BoW5TlRN%2FvjCKhQbh7zIesHztvISw8QPquTEMG85%2BeFdnhm1WCTqc%2F8%2Br4ilr8QlO%2Bp%2Bt8vTAI%2F3PPZqL1UdLCfXhDHDElFTXS6XOOdSl%2B9a8wcv44uRbJwGdwMQ3SSvGwA5dCLkWWNp%2FVymoOSEaeeuPzo1sgBORhYEqy1bHVN0dWgYCfw8YUeHWXUIGtjtxxJbfvF2wkriKTjGzgm1zU9BxUDJ%2FpnfpP3DPKGyhZALsICSxALf9sUx2PilMORB1FcCnVzuQvsCDV0rf3hEQ%3D%3D","environmentVariables":{"CLIENT_ID":"f28dcbc35c7a4e379df5e4b1af5a0ef0","CLIENT_SECRET":"80eff7d26b3a4fb2ad34c00a50763956","REDIRECT_URL":"https://us-central1-lardner-zhang-final-csse280.cloudfunctions.net/api/callback","FIREBASE_CONFIG":"{\"projectId\":\"lardner-zhang-final-csse280\",\"storageBucket\":\"lardner-zhang-final-csse280.appspot.com\"}","GCLOUD_PROJECT":"lardner-zhang-final-csse280","EVENTARC_CLOUD_EVENT_SOURCE":"projects/lardner-zhang-final-csse280/locations/us-central1/functions/api"},"runtime":"nodejs18","buildId":"8b3af51a-555f-4535-8902-bebb551a54b6","buildEnvironmentVariables":{"GOOGLE_NODE_RUN_SCRIPTS":""},"buildName":"projects/308052716821/locations/us-central1/builds/8b3af51a-555f-4535-8902-bebb551a54b6","dockerRegistry":"ARTIFACT_REGISTRY","automaticUpdatePolicy":{}},"versionId":"16","updateTime":"2024-05-18T19:18:21Z"}}
[debug] [2024-05-18T19:18:21.698Z] [update-default-us-central1-api] Retrying task index 0
[debug] [2024-05-18T19:18:21.698Z] >>> [apiv2][query] GET https://cloudfunctions.googleapis.com/v1/operations/bGFyZG5lci16aGFuZy1maW5hbC1jc3NlMjgwL3VzLWNlbnRyYWwxL2FwaS8zMjQ2MURtQ041aw [none]
[debug] [2024-05-18T19:18:21.825Z] <<< [apiv2][status] GET https://cloudfunctions.googleapis.com/v1/operations/bGFyZG5lci16aGFuZy1maW5hbC1jc3NlMjgwL3VzLWNlbnRyYWwxL2FwaS8zMjQ2MURtQ041aw 200
[debug] [2024-05-18T19:18:21.825Z] <<< [apiv2][body] GET https://cloudfunctions.googleapis.com/v1/operations/bGFyZG5lci16aGFuZy1maW5hbC1jc3NlMjgwL3VzLWNlbnRyYWwxL2FwaS8zMjQ2MURtQ041aw {"name":"operations/bGFyZG5lci16aGFuZy1maW5hbC1jc3NlMjgwL3VzLWNlbnRyYWwxL2FwaS8zMjQ2MURtQ041aw","metadata":{"@type":"type.googleapis.com/google.cloud.functions.v1.OperationMetadataV1","target":"projects/lardner-zhang-final-csse280/locations/us-central1/functions/api","type":"UPDATE_FUNCTION","request":{"@type":"type.googleapis.com/google.cloud.functions.v1.CloudFunction","name":"projects/lardner-zhang-final-csse280/locations/us-central1/functions/api","httpsTrigger":{"url":"https://us-central1-lardner-zhang-final-csse280.cloudfunctions.net/api","securityLevel":"SECURE_ALWAYS"},"status":"ACTIVE","entryPoint":"api","updateTime":"2024-05-16T16:24:43.452Z","versionId":"15","labels":{"deployment-tool":"cli-firebase","firebase-functions-hash":"98a62e2aef43ada3cd2a7f80054f0b03e979f2f9"},"sourceUploadUrl":"https://storage.googleapis.com/uploads-1022931293210.us-central1.cloudfunctions.appspot.com/503f4947-ae05-415d-8ec2-27a4cf937b81.zip?GoogleAccessId=service-308052716821@gcf-admin-robot.iam.gserviceaccount.com&Expires=1716061700&Signature=qmXoN4eM9ZTsKEA2721deNBi8rSJTEu%2FZJoQTuCMp0JKGuSrQkfHufb9NsGrbBgYe%2BoW5TlRN%2FvjCKhQbh7zIesHztvISw8QPquTEMG85%2BeFdnhm1WCTqc%2F8%2Br4ilr8QlO%2Bp%2Bt8vTAI%2F3PPZqL1UdLCfXhDHDElFTXS6XOOdSl%2B9a8wcv44uRbJwGdwMQ3SSvGwA5dCLkWWNp%2FVymoOSEaeeuPzo1sgBORhYEqy1bHVN0dWgYCfw8YUeHWXUIGtjtxxJbfvF2wkriKTjGzgm1zU9BxUDJ%2FpnfpP3DPKGyhZALsICSxALf9sUx2PilMORB1FcCnVzuQvsCDV0rf3hEQ%3D%3D","environmentVariables":{"CLIENT_ID":"f28dcbc35c7a4e379df5e4b1af5a0ef0","CLIENT_SECRET":"80eff7d26b3a4fb2ad34c00a50763956","REDIRECT_URL":"https://us-central1-lardner-zhang-final-csse280.cloudfunctions.net/api/callback","FIREBASE_CONFIG":"{\"projectId\":\"lardner-zhang-final-csse280\",\"storageBucket\":\"lardner-zhang-final-csse280.appspot.com\"}","GCLOUD_PROJECT":"lardner-zhang-final-csse280","EVENTARC_CLOUD_EVENT_SOURCE":"projects/lardner-zhang-final-csse280/locations/us-central1/functions/api"},"runtime":"nodejs18","buildId":"8b3af51a-555f-4535-8902-bebb551a54b6","buildEnvironmentVariables":{"GOOGLE_NODE_RUN_SCRIPTS":""},"buildName":"projects/308052716821/locations/us-central1/builds/8b3af51a-555f-4535-8902-bebb551a54b6","dockerRegistry":"ARTIFACT_REGISTRY","automaticUpdatePolicy":{}},"versionId":"16","updateTime":"2024-05-18T19:18:21Z"}}
[debug] [2024-05-18T19:18:22.832Z] [update-default-us-central1-api] Retrying task index 0
[debug] [2024-05-18T19:18:22.833Z] >>> [apiv2][query] GET https://cloudfunctions.googleapis.com/v1/operations/bGFyZG5lci16aGFuZy1maW5hbC1jc3NlMjgwL3VzLWNlbnRyYWwxL2FwaS8zMjQ2MURtQ041aw [none]
[debug] [2024-05-18T19:18:22.952Z] <<< [apiv2][status] GET https://cloudfunctions.googleapis.com/v1/operations/bGFyZG5lci16aGFuZy1maW5hbC1jc3NlMjgwL3VzLWNlbnRyYWwxL2FwaS8zMjQ2MURtQ041aw 200
[debug] [2024-05-18T19:18:22.952Z] <<< [apiv2][body] GET https://cloudfunctions.googleapis.com/v1/operations/bGFyZG5lci16aGFuZy1maW5hbC1jc3NlMjgwL3VzLWNlbnRyYWwxL2FwaS8zMjQ2MURtQ041aw {"name":"operations/bGFyZG5lci16aGFuZy1maW5hbC1jc3NlMjgwL3VzLWNlbnRyYWwxL2FwaS8zMjQ2MURtQ041aw","metadata":{"@type":"type.googleapis.com/google.cloud.functions.v1.OperationMetadataV1","target":"projects/lardner-zhang-final-csse280/locations/us-central1/functions/api","type":"UPDATE_FUNCTION","request":{"@type":"type.googleapis.com/google.cloud.functions.v1.CloudFunction","name":"projects/lardner-zhang-final-csse280/locations/us-central1/functions/api","httpsTrigger":{"url":"https://us-central1-lardner-zhang-final-csse280.cloudfunctions.net/api","securityLevel":"SECURE_ALWAYS"},"status":"ACTIVE","entryPoint":"api","updateTime":"2024-05-16T16:24:43.452Z","versionId":"15","labels":{"deployment-tool":"cli-firebase","firebase-functions-hash":"98a62e2aef43ada3cd2a7f80054f0b03e979f2f9"},"sourceUploadUrl":"https://storage.googleapis.com/uploads-1022931293210.us-central1.cloudfunctions.appspot.com/503f4947-ae05-415d-8ec2-27a4cf937b81.zip?GoogleAccessId=service-308052716821@gcf-admin-robot.iam.gserviceaccount.com&Expires=1716061700&Signature=qmXoN4eM9ZTsKEA2721deNBi8rSJTEu%2FZJoQTuCMp0JKGuSrQkfHufb9NsGrbBgYe%2BoW5TlRN%2FvjCKhQbh7zIesHztvISw8QPquTEMG85%2BeFdnhm1WCTqc%2F8%2Br4ilr8QlO%2Bp%2Bt8vTAI%2F3PPZqL1UdLCfXhDHDElFTXS6XOOdSl%2B9a8wcv44uRbJwGdwMQ3SSvGwA5dCLkWWNp%2FVymoOSEaeeuPzo1sgBORhYEqy1bHVN0dWgYCfw8YUeHWXUIGtjtxxJbfvF2wkriKTjGzgm1zU9BxUDJ%2FpnfpP3DPKGyhZALsICSxALf9sUx2PilMORB1FcCnVzuQvsCDV0rf3hEQ%3D%3D","environmentVariables":{"CLIENT_ID":"f28dcbc35c7a4e379df5e4b1af5a0ef0","CLIENT_SECRET":"80eff7d26b3a4fb2ad34c00a50763956","REDIRECT_URL":"https://us-central1-lardner-zhang-final-csse280.cloudfunctions.net/api/callback","FIREBASE_CONFIG":"{\"projectId\":\"lardner-zhang-final-csse280\",\"storageBucket\":\"lardner-zhang-final-csse280.appspot.com\"}","GCLOUD_PROJECT":"lardner-zhang-final-csse280","EVENTARC_CLOUD_EVENT_SOURCE":"projects/lardner-zhang-final-csse280/locations/us-central1/functions/api"},"runtime":"nodejs18","buildId":"8b3af51a-555f-4535-8902-bebb551a54b6","buildEnvironmentVariables":{"GOOGLE_NODE_RUN_SCRIPTS":""},"buildName":"projects/308052716821/locations/us-central1/builds/8b3af51a-555f-4535-8902-bebb551a54b6","dockerRegistry":"ARTIFACT_REGISTRY","automaticUpdatePolicy":{}},"versionId":"16","updateTime":"2024-05-18T19:18:21Z","buildId":"49f5034f-eb55-44ef-a90c-ea3bb8de9506","buildName":"projects/308052716821/locations/us-central1/builds/49f5034f-eb55-44ef-a90c-ea3bb8de9506"}}
[debug] [2024-05-18T19:18:24.961Z] [update-default-us-central1-api] Retrying task index 0
[debug] [2024-05-18T19:18:24.962Z] >>> [apiv2][query] GET https://cloudfunctions.googleapis.com/v1/operations/bGFyZG5lci16aGFuZy1maW5hbC1jc3NlMjgwL3VzLWNlbnRyYWwxL2FwaS8zMjQ2MURtQ041aw [none]
[debug] [2024-05-18T19:18:25.074Z] <<< [apiv2][status] GET https://cloudfunctions.googleapis.com/v1/operations/bGFyZG5lci16aGFuZy1maW5hbC1jc3NlMjgwL3VzLWNlbnRyYWwxL2FwaS8zMjQ2MURtQ041aw 200
[debug] [2024-05-18T19:18:25.074Z] <<< [apiv2][body] GET https://cloudfunctions.googleapis.com/v1/operations/bGFyZG5lci16aGFuZy1maW5hbC1jc3NlMjgwL3VzLWNlbnRyYWwxL2FwaS8zMjQ2MURtQ041aw {"name":"operations/bGFyZG5lci16aGFuZy1maW5hbC1jc3NlMjgwL3VzLWNlbnRyYWwxL2FwaS8zMjQ2MURtQ041aw","metadata":{"@type":"type.googleapis.com/google.cloud.functions.v1.OperationMetadataV1","target":"projects/lardner-zhang-final-csse280/locations/us-central1/functions/api","type":"UPDATE_FUNCTION","request":{"@type":"type.googleapis.com/google.cloud.functions.v1.CloudFunction","name":"projects/lardner-zhang-final-csse280/locations/us-central1/functions/api","httpsTrigger":{"url":"https://us-central1-lardner-zhang-final-csse280.cloudfunctions.net/api","securityLevel":"SECURE_ALWAYS"},"status":"ACTIVE","entryPoint":"api","updateTime":"2024-05-16T16:24:43.452Z","versionId":"15","labels":{"deployment-tool":"cli-firebase","firebase-functions-hash":"98a62e2aef43ada3cd2a7f80054f0b03e979f2f9"},"sourceUploadUrl":"https://storage.googleapis.com/uploads-1022931293210.us-central1.cloudfunctions.appspot.com/503f4947-ae05-415d-8ec2-27a4cf937b81.zip?GoogleAccessId=service-308052716821@gcf-admin-robot.iam.gserviceaccount.com&Expires=1716061700&Signature=qmXoN4eM9ZTsKEA2721deNBi8rSJTEu%2FZJoQTuCMp0JKGuSrQkfHufb9NsGrbBgYe%2BoW5TlRN%2FvjCKhQbh7zIesHztvISw8QPquTEMG85%2BeFdnhm1WCTqc%2F8%2Br4ilr8QlO%2Bp%2Bt8vTAI%2F3PPZqL1UdLCfXhDHDElFTXS6XOOdSl%2B9a8wcv44uRbJwGdwMQ3SSvGwA5dCLkWWNp%2FVymoOSEaeeuPzo1sgBORhYEqy1bHVN0dWgYCfw8YUeHWXUIGtjtxxJbfvF2wkriKTjGzgm1zU9BxUDJ%2FpnfpP3DPKGyhZALsICSxALf9sUx2PilMORB1FcCnVzuQvsCDV0rf3hEQ%3D%3D","environmentVariables":{"CLIENT_ID":"f28dcbc35c7a4e379df5e4b1af5a0ef0","CLIENT_SECRET":"80eff7d26b3a4fb2ad34c00a50763956","REDIRECT_URL":"https://us-central1-lardner-zhang-final-csse280.cloudfunctions.net/api/callback","FIREBASE_CONFIG":"{\"projectId\":\"lardner-zhang-final-csse280\",\"storageBucket\":\"lardner-zhang-final-csse280.appspot.com\"}","GCLOUD_PROJECT":"lardner-zhang-final-csse280","EVENTARC_CLOUD_EVENT_SOURCE":"projects/lardner-zhang-final-csse280/locations/us-central1/functions/api"},"runtime":"nodejs18","buildId":"8b3af51a-555f-4535-8902-bebb551a54b6","buildEnvironmentVariables":{"GOOGLE_NODE_RUN_SCRIPTS":""},"buildName":"projects/308052716821/locations/us-central1/builds/8b3af51a-555f-4535-8902-bebb551a54b6","dockerRegistry":"ARTIFACT_REGISTRY","automaticUpdatePolicy":{}},"versionId":"16","updateTime":"2024-05-18T19:18:21Z","buildId":"49f5034f-eb55-44ef-a90c-ea3bb8de9506","buildName":"projects/308052716821/locations/us-central1/builds/49f5034f-eb55-44ef-a90c-ea3bb8de9506"}}
[debug] [2024-05-18T19:18:29.087Z] [update-default-us-central1-api] Retrying task index 0
[debug] [2024-05-18T19:18:29.088Z] >>> [apiv2][query] GET https://cloudfunctions.googleapis.com/v1/operations/bGFyZG5lci16aGFuZy1maW5hbC1jc3NlMjgwL3VzLWNlbnRyYWwxL2FwaS8zMjQ2MURtQ041aw [none]
[debug] [2024-05-18T19:18:29.223Z] <<< [apiv2][status] GET https://cloudfunctions.googleapis.com/v1/operations/bGFyZG5lci16aGFuZy1maW5hbC1jc3NlMjgwL3VzLWNlbnRyYWwxL2FwaS8zMjQ2MURtQ041aw 200
[debug] [2024-05-18T19:18:29.223Z] <<< [apiv2][body] GET https://cloudfunctions.googleapis.com/v1/operations/bGFyZG5lci16aGFuZy1maW5hbC1jc3NlMjgwL3VzLWNlbnRyYWwxL2FwaS8zMjQ2MURtQ041aw {"name":"operations/bGFyZG5lci16aGFuZy1maW5hbC1jc3NlMjgwL3VzLWNlbnRyYWwxL2FwaS8zMjQ2MURtQ041aw","metadata":{"@type":"type.googleapis.com/google.cloud.functions.v1.OperationMetadataV1","target":"projects/lardner-zhang-final-csse280/locations/us-central1/functions/api","type":"UPDATE_FUNCTION","request":{"@type":"type.googleapis.com/google.cloud.functions.v1.CloudFunction","name":"projects/lardner-zhang-final-csse280/locations/us-central1/functions/api","httpsTrigger":{"url":"https://us-central1-lardner-zhang-final-csse280.cloudfunctions.net/api","securityLevel":"SECURE_ALWAYS"},"status":"ACTIVE","entryPoint":"api","updateTime":"2024-05-16T16:24:43.452Z","versionId":"15","labels":{"deployment-tool":"cli-firebase","firebase-functions-hash":"98a62e2aef43ada3cd2a7f80054f0b03e979f2f9"},"sourceUploadUrl":"https://storage.googleapis.com/uploads-1022931293210.us-central1.cloudfunctions.appspot.com/503f4947-ae05-415d-8ec2-27a4cf937b81.zip?GoogleAccessId=service-308052716821@gcf-admin-robot.iam.gserviceaccount.com&Expires=1716061700&Signature=qmXoN4eM9ZTsKEA2721deNBi8rSJTEu%2FZJoQTuCMp0JKGuSrQkfHufb9NsGrbBgYe%2BoW5TlRN%2FvjCKhQbh7zIesHztvISw8QPquTEMG85%2BeFdnhm1WCTqc%2F8%2Br4ilr8QlO%2Bp%2Bt8vTAI%2F3PPZqL1UdLCfXhDHDElFTXS6XOOdSl%2B9a8wcv44uRbJwGdwMQ3SSvGwA5dCLkWWNp%2FVymoOSEaeeuPzo1sgBORhYEqy1bHVN0dWgYCfw8YUeHWXUIGtjtxxJbfvF2wkriKTjGzgm1zU9BxUDJ%2FpnfpP3DPKGyhZALsICSxALf9sUx2PilMORB1FcCnVzuQvsCDV0rf3hEQ%3D%3D","environmentVariables":{"CLIENT_ID":"f28dcbc35c7a4e379df5e4b1af5a0ef0","CLIENT_SECRET":"80eff7d26b3a4fb2ad34c00a50763956","REDIRECT_URL":"https://us-central1-lardner-zhang-final-csse280.cloudfunctions.net/api/callback","FIREBASE_CONFIG":"{\"projectId\":\"lardner-zhang-final-csse280\",\"storageBucket\":\"lardner-zhang-final-csse280.appspot.com\"}","GCLOUD_PROJECT":"lardner-zhang-final-csse280","EVENTARC_CLOUD_EVENT_SOURCE":"projects/lardner-zhang-final-csse280/locations/us-central1/functions/api"},"runtime":"nodejs18","buildId":"8b3af51a-555f-4535-8902-bebb551a54b6","buildEnvironmentVariables":{"GOOGLE_NODE_RUN_SCRIPTS":""},"buildName":"projects/308052716821/locations/us-central1/builds/8b3af51a-555f-4535-8902-bebb551a54b6","dockerRegistry":"ARTIFACT_REGISTRY","automaticUpdatePolicy":{}},"versionId":"16","updateTime":"2024-05-18T19:18:21Z","buildId":"49f5034f-eb55-44ef-a90c-ea3bb8de9506","buildName":"projects/308052716821/locations/us-central1/builds/49f5034f-eb55-44ef-a90c-ea3bb8de9506"}}
[debug] [2024-05-18T19:18:37.230Z] [update-default-us-central1-api] Retrying task index 0
[debug] [2024-05-18T19:18:37.230Z] >>> [apiv2][query] GET https://cloudfunctions.googleapis.com/v1/operations/bGFyZG5lci16aGFuZy1maW5hbC1jc3NlMjgwL3VzLWNlbnRyYWwxL2FwaS8zMjQ2MURtQ041aw [none]
[debug] [2024-05-18T19:18:37.345Z] <<< [apiv2][status] GET https://cloudfunctions.googleapis.com/v1/operations/bGFyZG5lci16aGFuZy1maW5hbC1jc3NlMjgwL3VzLWNlbnRyYWwxL2FwaS8zMjQ2MURtQ041aw 200
[debug] [2024-05-18T19:18:37.345Z] <<< [apiv2][body] GET https://cloudfunctions.googleapis.com/v1/operations/bGFyZG5lci16aGFuZy1maW5hbC1jc3NlMjgwL3VzLWNlbnRyYWwxL2FwaS8zMjQ2MURtQ041aw {"name":"operations/bGFyZG5lci16aGFuZy1maW5hbC1jc3NlMjgwL3VzLWNlbnRyYWwxL2FwaS8zMjQ2MURtQ041aw","metadata":{"@type":"type.googleapis.com/google.cloud.functions.v1.OperationMetadataV1","target":"projects/lardner-zhang-final-csse280/locations/us-central1/functions/api","type":"UPDATE_FUNCTION","request":{"@type":"type.googleapis.com/google.cloud.functions.v1.CloudFunction","name":"projects/lardner-zhang-final-csse280/locations/us-central1/functions/api","httpsTrigger":{"url":"https://us-central1-lardner-zhang-final-csse280.cloudfunctions.net/api","securityLevel":"SECURE_ALWAYS"},"status":"ACTIVE","entryPoint":"api","updateTime":"2024-05-16T16:24:43.452Z","versionId":"15","labels":{"deployment-tool":"cli-firebase","firebase-functions-hash":"98a62e2aef43ada3cd2a7f80054f0b03e979f2f9"},"sourceUploadUrl":"https://storage.googleapis.com/uploads-1022931293210.us-central1.cloudfunctions.appspot.com/503f4947-ae05-415d-8ec2-27a4cf937b81.zip?GoogleAccessId=service-308052716821@gcf-admin-robot.iam.gserviceaccount.com&Expires=1716061700&Signature=qmXoN4eM9ZTsKEA2721deNBi8rSJTEu%2FZJoQTuCMp0JKGuSrQkfHufb9NsGrbBgYe%2BoW5TlRN%2FvjCKhQbh7zIesHztvISw8QPquTEMG85%2BeFdnhm1WCTqc%2F8%2Br4ilr8QlO%2Bp%2Bt8vTAI%2F3PPZqL1UdLCfXhDHDElFTXS6XOOdSl%2B9a8wcv44uRbJwGdwMQ3SSvGwA5dCLkWWNp%2FVymoOSEaeeuPzo1sgBORhYEqy1bHVN0dWgYCfw8YUeHWXUIGtjtxxJbfvF2wkriKTjGzgm1zU9BxUDJ%2FpnfpP3DPKGyhZALsICSxALf9sUx2PilMORB1FcCnVzuQvsCDV0rf3hEQ%3D%3D","environmentVariables":{"CLIENT_ID":"f28dcbc35c7a4e379df5e4b1af5a0ef0","CLIENT_SECRET":"80eff7d26b3a4fb2ad34c00a50763956","REDIRECT_URL":"https://us-central1-lardner-zhang-final-csse280.cloudfunctions.net/api/callback","FIREBASE_CONFIG":"{\"projectId\":\"lardner-zhang-final-csse280\",\"storageBucket\":\"lardner-zhang-final-csse280.appspot.com\"}","GCLOUD_PROJECT":"lardner-zhang-final-csse280","EVENTARC_CLOUD_EVENT_SOURCE":"projects/lardner-zhang-final-csse280/locations/us-central1/functions/api"},"runtime":"nodejs18","buildId":"8b3af51a-555f-4535-8902-bebb551a54b6","buildEnvironmentVariables":{"GOOGLE_NODE_RUN_SCRIPTS":""},"buildName":"projects/308052716821/locations/us-central1/builds/8b3af51a-555f-4535-8902-bebb551a54b6","dockerRegistry":"ARTIFACT_REGISTRY","automaticUpdatePolicy":{}},"versionId":"16","updateTime":"2024-05-18T19:18:21Z","buildId":"49f5034f-eb55-44ef-a90c-ea3bb8de9506","buildName":"projects/308052716821/locations/us-central1/builds/49f5034f-eb55-44ef-a90c-ea3bb8de9506"}}
[debug] [2024-05-18T19:18:47.348Z] [update-default-us-central1-api] Retrying task index 0
[debug] [2024-05-18T19:18:47.349Z] >>> [apiv2][query] GET https://cloudfunctions.googleapis.com/v1/operations/bGFyZG5lci16aGFuZy1maW5hbC1jc3NlMjgwL3VzLWNlbnRyYWwxL2FwaS8zMjQ2MURtQ041aw [none]
[debug] [2024-05-18T19:18:47.472Z] <<< [apiv2][status] GET https://cloudfunctions.googleapis.com/v1/operations/bGFyZG5lci16aGFuZy1maW5hbC1jc3NlMjgwL3VzLWNlbnRyYWwxL2FwaS8zMjQ2MURtQ041aw 200
[debug] [2024-05-18T19:18:47.473Z] <<< [apiv2][body] GET https://cloudfunctions.googleapis.com/v1/operations/bGFyZG5lci16aGFuZy1maW5hbC1jc3NlMjgwL3VzLWNlbnRyYWwxL2FwaS8zMjQ2MURtQ041aw {"name":"operations/bGFyZG5lci16aGFuZy1maW5hbC1jc3NlMjgwL3VzLWNlbnRyYWwxL2FwaS8zMjQ2MURtQ041aw","metadata":{"@type":"type.googleapis.com/google.cloud.functions.v1.OperationMetadataV1","target":"projects/lardner-zhang-final-csse280/locations/us-central1/functions/api","type":"UPDATE_FUNCTION","request":{"@type":"type.googleapis.com/google.cloud.functions.v1.CloudFunction","name":"projects/lardner-zhang-final-csse280/locations/us-central1/functions/api","httpsTrigger":{"url":"https://us-central1-lardner-zhang-final-csse280.cloudfunctions.net/api","securityLevel":"SECURE_ALWAYS"},"status":"ACTIVE","entryPoint":"api","updateTime":"2024-05-16T16:24:43.452Z","versionId":"15","labels":{"deployment-tool":"cli-firebase","firebase-functions-hash":"98a62e2aef43ada3cd2a7f80054f0b03e979f2f9"},"sourceUploadUrl":"https://storage.googleapis.com/uploads-1022931293210.us-central1.cloudfunctions.appspot.com/503f4947-ae05-415d-8ec2-27a4cf937b81.zip?GoogleAccessId=service-308052716821@gcf-admin-robot.iam.gserviceaccount.com&Expires=1716061700&Signature=qmXoN4eM9ZTsKEA2721deNBi8rSJTEu%2FZJoQTuCMp0JKGuSrQkfHufb9NsGrbBgYe%2BoW5TlRN%2FvjCKhQbh7zIesHztvISw8QPquTEMG85%2BeFdnhm1WCTqc%2F8%2Br4ilr8QlO%2Bp%2Bt8vTAI%2F3PPZqL1UdLCfXhDHDElFTXS6XOOdSl%2B9a8wcv44uRbJwGdwMQ3SSvGwA5dCLkWWNp%2FVymoOSEaeeuPzo1sgBORhYEqy1bHVN0dWgYCfw8YUeHWXUIGtjtxxJbfvF2wkriKTjGzgm1zU9BxUDJ%2FpnfpP3DPKGyhZALsICSxALf9sUx2PilMORB1FcCnVzuQvsCDV0rf3hEQ%3D%3D","environmentVariables":{"CLIENT_ID":"f28dcbc35c7a4e379df5e4b1af5a0ef0","CLIENT_SECRET":"80eff7d26b3a4fb2ad34c00a50763956","REDIRECT_URL":"https://us-central1-lardner-zhang-final-csse280.cloudfunctions.net/api/callback","FIREBASE_CONFIG":"{\"projectId\":\"lardner-zhang-final-csse280\",\"storageBucket\":\"lardner-zhang-final-csse280.appspot.com\"}","GCLOUD_PROJECT":"lardner-zhang-final-csse280","EVENTARC_CLOUD_EVENT_SOURCE":"projects/lardner-zhang-final-csse280/locations/us-central1/functions/api"},"runtime":"nodejs18","buildId":"8b3af51a-555f-4535-8902-bebb551a54b6","buildEnvironmentVariables":{"GOOGLE_NODE_RUN_SCRIPTS":""},"buildName":"projects/308052716821/locations/us-central1/builds/8b3af51a-555f-4535-8902-bebb551a54b6","dockerRegistry":"ARTIFACT_REGISTRY","automaticUpdatePolicy":{}},"versionId":"16","updateTime":"2024-05-18T19:18:21Z","buildId":"49f5034f-eb55-44ef-a90c-ea3bb8de9506","buildName":"projects/308052716821/locations/us-central1/builds/49f5034f-eb55-44ef-a90c-ea3bb8de9506"}}
[debug] [2024-05-18T19:18:57.485Z] [update-default-us-central1-api] Retrying task index 0
[debug] [2024-05-18T19:18:57.485Z] >>> [apiv2][query] GET https://cloudfunctions.googleapis.com/v1/operations/bGFyZG5lci16aGFuZy1maW5hbC1jc3NlMjgwL3VzLWNlbnRyYWwxL2FwaS8zMjQ2MURtQ041aw [none]
[debug] [2024-05-18T19:18:57.608Z] <<< [apiv2][status] GET https://cloudfunctions.googleapis.com/v1/operations/bGFyZG5lci16aGFuZy1maW5hbC1jc3NlMjgwL3VzLWNlbnRyYWwxL2FwaS8zMjQ2MURtQ041aw 200
[debug] [2024-05-18T19:18:57.608Z] <<< [apiv2][body] GET https://cloudfunctions.googleapis.com/v1/operations/bGFyZG5lci16aGFuZy1maW5hbC1jc3NlMjgwL3VzLWNlbnRyYWwxL2FwaS8zMjQ2MURtQ041aw {"name":"operations/bGFyZG5lci16aGFuZy1maW5hbC1jc3NlMjgwL3VzLWNlbnRyYWwxL2FwaS8zMjQ2MURtQ041aw","metadata":{"@type":"type.googleapis.com/google.cloud.functions.v1.OperationMetadataV1","target":"projects/lardner-zhang-final-csse280/locations/us-central1/functions/api","type":"UPDATE_FUNCTION","request":{"@type":"type.googleapis.com/google.cloud.functions.v1.CloudFunction","name":"projects/lardner-zhang-final-csse280/locations/us-central1/functions/api","httpsTrigger":{"url":"https://us-central1-lardner-zhang-final-csse280.cloudfunctions.net/api","securityLevel":"SECURE_ALWAYS"},"status":"ACTIVE","entryPoint":"api","updateTime":"2024-05-16T16:24:43.452Z","versionId":"15","labels":{"deployment-tool":"cli-firebase","firebase-functions-hash":"98a62e2aef43ada3cd2a7f80054f0b03e979f2f9"},"sourceUploadUrl":"https://storage.googleapis.com/uploads-1022931293210.us-central1.cloudfunctions.appspot.com/503f4947-ae05-415d-8ec2-27a4cf937b81.zip?GoogleAccessId=service-308052716821@gcf-admin-robot.iam.gserviceaccount.com&Expires=1716061700&Signature=qmXoN4eM9ZTsKEA2721deNBi8rSJTEu%2FZJoQTuCMp0JKGuSrQkfHufb9NsGrbBgYe%2BoW5TlRN%2FvjCKhQbh7zIesHztvISw8QPquTEMG85%2BeFdnhm1WCTqc%2F8%2Br4ilr8QlO%2Bp%2Bt8vTAI%2F3PPZqL1UdLCfXhDHDElFTXS6XOOdSl%2B9a8wcv44uRbJwGdwMQ3SSvGwA5dCLkWWNp%2FVymoOSEaeeuPzo1sgBORhYEqy1bHVN0dWgYCfw8YUeHWXUIGtjtxxJbfvF2wkriKTjGzgm1zU9BxUDJ%2FpnfpP3DPKGyhZALsICSxALf9sUx2PilMORB1FcCnVzuQvsCDV0rf3hEQ%3D%3D","environmentVariables":{"CLIENT_ID":"f28dcbc35c7a4e379df5e4b1af5a0ef0","CLIENT_SECRET":"80eff7d26b3a4fb2ad34c00a50763956","REDIRECT_URL":"https://us-central1-lardner-zhang-final-csse280.cloudfunctions.net/api/callback","FIREBASE_CONFIG":"{\"projectId\":\"lardner-zhang-final-csse280\",\"storageBucket\":\"lardner-zhang-final-csse280.appspot.com\"}","GCLOUD_PROJECT":"lardner-zhang-final-csse280","EVENTARC_CLOUD_EVENT_SOURCE":"projects/lardner-zhang-final-csse280/locations/us-central1/functions/api"},"runtime":"nodejs18","buildId":"8b3af51a-555f-4535-8902-bebb551a54b6","buildEnvironmentVariables":{"GOOGLE_NODE_RUN_SCRIPTS":""},"buildName":"projects/308052716821/locations/us-central1/builds/8b3af51a-555f-4535-8902-bebb551a54b6","dockerRegistry":"ARTIFACT_REGISTRY","automaticUpdatePolicy":{}},"versionId":"16","updateTime":"2024-05-18T19:18:21Z","buildId":"49f5034f-eb55-44ef-a90c-ea3bb8de9506","buildName":"projects/308052716821/locations/us-central1/builds/49f5034f-eb55-44ef-a90c-ea3bb8de9506"}}
[debug] [2024-05-18T19:19:07.610Z] [update-default-us-central1-api] Retrying task index 0
[debug] [2024-05-18T19:19:07.610Z] >>> [apiv2][query] GET https://cloudfunctions.googleapis.com/v1/operations/bGFyZG5lci16aGFuZy1maW5hbC1jc3NlMjgwL3VzLWNlbnRyYWwxL2FwaS8zMjQ2MURtQ041aw [none]
[debug] [2024-05-18T19:19:07.720Z] <<< [apiv2][status] GET https://cloudfunctions.googleapis.com/v1/operations/bGFyZG5lci16aGFuZy1maW5hbC1jc3NlMjgwL3VzLWNlbnRyYWwxL2FwaS8zMjQ2MURtQ041aw 200
[debug] [2024-05-18T19:19:07.720Z] <<< [apiv2][body] GET https://cloudfunctions.googleapis.com/v1/operations/bGFyZG5lci16aGFuZy1maW5hbC1jc3NlMjgwL3VzLWNlbnRyYWwxL2FwaS8zMjQ2MURtQ041aw {"name":"operations/bGFyZG5lci16aGFuZy1maW5hbC1jc3NlMjgwL3VzLWNlbnRyYWwxL2FwaS8zMjQ2MURtQ041aw","metadata":{"@type":"type.googleapis.com/google.cloud.functions.v1.OperationMetadataV1","target":"projects/lardner-zhang-final-csse280/locations/us-central1/functions/api","type":"UPDATE_FUNCTION","request":{"@type":"type.googleapis.com/google.cloud.functions.v1.CloudFunction","name":"projects/lardner-zhang-final-csse280/locations/us-central1/functions/api","httpsTrigger":{"url":"https://us-central1-lardner-zhang-final-csse280.cloudfunctions.net/api","securityLevel":"SECURE_ALWAYS"},"status":"ACTIVE","entryPoint":"api","updateTime":"2024-05-16T16:24:43.452Z","versionId":"15","labels":{"deployment-tool":"cli-firebase","firebase-functions-hash":"98a62e2aef43ada3cd2a7f80054f0b03e979f2f9"},"sourceUploadUrl":"https://storage.googleapis.com/uploads-1022931293210.us-central1.cloudfunctions.appspot.com/503f4947-ae05-415d-8ec2-27a4cf937b81.zip?GoogleAccessId=service-308052716821@gcf-admin-robot.iam.gserviceaccount.com&Expires=1716061700&Signature=qmXoN4eM9ZTsKEA2721deNBi8rSJTEu%2FZJoQTuCMp0JKGuSrQkfHufb9NsGrbBgYe%2BoW5TlRN%2FvjCKhQbh7zIesHztvISw8QPquTEMG85%2BeFdnhm1WCTqc%2F8%2Br4ilr8QlO%2Bp%2Bt8vTAI%2F3PPZqL1UdLCfXhDHDElFTXS6XOOdSl%2B9a8wcv44uRbJwGdwMQ3SSvGwA5dCLkWWNp%2FVymoOSEaeeuPzo1sgBORhYEqy1bHVN0dWgYCfw8YUeHWXUIGtjtxxJbfvF2wkriKTjGzgm1zU9BxUDJ%2FpnfpP3DPKGyhZALsICSxALf9sUx2PilMORB1FcCnVzuQvsCDV0rf3hEQ%3D%3D","environmentVariables":{"CLIENT_ID":"f28dcbc35c7a4e379df5e4b1af5a0ef0","CLIENT_SECRET":"80eff7d26b3a4fb2ad34c00a50763956","REDIRECT_URL":"https://us-central1-lardner-zhang-final-csse280.cloudfunctions.net/api/callback","FIREBASE_CONFIG":"{\"projectId\":\"lardner-zhang-final-csse280\",\"storageBucket\":\"lardner-zhang-final-csse280.appspot.com\"}","GCLOUD_PROJECT":"lardner-zhang-final-csse280","EVENTARC_CLOUD_EVENT_SOURCE":"projects/lardner-zhang-final-csse280/locations/us-central1/functions/api"},"runtime":"nodejs18","buildId":"8b3af51a-555f-4535-8902-bebb551a54b6","buildEnvironmentVariables":{"GOOGLE_NODE_RUN_SCRIPTS":""},"buildName":"projects/308052716821/locations/us-central1/builds/8b3af51a-555f-4535-8902-bebb551a54b6","dockerRegistry":"ARTIFACT_REGISTRY","automaticUpdatePolicy":{}},"versionId":"16","updateTime":"2024-05-18T19:18:21Z","buildId":"49f5034f-eb55-44ef-a90c-ea3bb8de9506","buildName":"projects/308052716821/locations/us-central1/builds/49f5034f-eb55-44ef-a90c-ea3bb8de9506"}}
[debug] [2024-05-18T19:19:17.733Z] [update-default-us-central1-api] Retrying task index 0
[debug] [2024-05-18T19:19:17.734Z] >>> [apiv2][query] GET https://cloudfunctions.googleapis.com/v1/operations/bGFyZG5lci16aGFuZy1maW5hbC1jc3NlMjgwL3VzLWNlbnRyYWwxL2FwaS8zMjQ2MURtQ041aw [none]
[debug] [2024-05-18T19:19:17.837Z] <<< [apiv2][status] GET https://cloudfunctions.googleapis.com/v1/operations/bGFyZG5lci16aGFuZy1maW5hbC1jc3NlMjgwL3VzLWNlbnRyYWwxL2FwaS8zMjQ2MURtQ041aw 200
[debug] [2024-05-18T19:19:17.838Z] <<< [apiv2][body] GET https://cloudfunctions.googleapis.com/v1/operations/bGFyZG5lci16aGFuZy1maW5hbC1jc3NlMjgwL3VzLWNlbnRyYWwxL2FwaS8zMjQ2MURtQ041aw {"name":"operations/bGFyZG5lci16aGFuZy1maW5hbC1jc3NlMjgwL3VzLWNlbnRyYWwxL2FwaS8zMjQ2MURtQ041aw","metadata":{"@type":"type.googleapis.com/google.cloud.functions.v1.OperationMetadataV1","target":"projects/lardner-zhang-final-csse280/locations/us-central1/functions/api","type":"UPDATE_FUNCTION","request":{"@type":"type.googleapis.com/google.cloud.functions.v1.CloudFunction","name":"projects/lardner-zhang-final-csse280/locations/us-central1/functions/api","httpsTrigger":{"url":"https://us-central1-lardner-zhang-final-csse280.cloudfunctions.net/api","securityLevel":"SECURE_ALWAYS"},"status":"ACTIVE","entryPoint":"api","updateTime":"2024-05-16T16:24:43.452Z","versionId":"15","labels":{"deployment-tool":"cli-firebase","firebase-functions-hash":"98a62e2aef43ada3cd2a7f80054f0b03e979f2f9"},"sourceUploadUrl":"https://storage.googleapis.com/uploads-1022931293210.us-central1.cloudfunctions.appspot.com/503f4947-ae05-415d-8ec2-27a4cf937b81.zip?GoogleAccessId=service-308052716821@gcf-admin-robot.iam.gserviceaccount.com&Expires=1716061700&Signature=qmXoN4eM9ZTsKEA2721deNBi8rSJTEu%2FZJoQTuCMp0JKGuSrQkfHufb9NsGrbBgYe%2BoW5TlRN%2FvjCKhQbh7zIesHztvISw8QPquTEMG85%2BeFdnhm1WCTqc%2F8%2Br4ilr8QlO%2Bp%2Bt8vTAI%2F3PPZqL1UdLCfXhDHDElFTXS6XOOdSl%2B9a8wcv44uRbJwGdwMQ3SSvGwA5dCLkWWNp%2FVymoOSEaeeuPzo1sgBORhYEqy1bHVN0dWgYCfw8YUeHWXUIGtjtxxJbfvF2wkriKTjGzgm1zU9BxUDJ%2FpnfpP3DPKGyhZALsICSxALf9sUx2PilMORB1FcCnVzuQvsCDV0rf3hEQ%3D%3D","environmentVariables":{"CLIENT_ID":"f28dcbc35c7a4e379df5e4b1af5a0ef0","CLIENT_SECRET":"80eff7d26b3a4fb2ad34c00a50763956","REDIRECT_URL":"https://us-central1-lardner-zhang-final-csse280.cloudfunctions.net/api/callback","FIREBASE_CONFIG":"{\"projectId\":\"lardner-zhang-final-csse280\",\"storageBucket\":\"lardner-zhang-final-csse280.appspot.com\"}","GCLOUD_PROJECT":"lardner-zhang-final-csse280","EVENTARC_CLOUD_EVENT_SOURCE":"projects/lardner-zhang-final-csse280/locations/us-central1/functions/api"},"runtime":"nodejs18","buildId":"8b3af51a-555f-4535-8902-bebb551a54b6","buildEnvironmentVariables":{"GOOGLE_NODE_RUN_SCRIPTS":""},"buildName":"projects/308052716821/locations/us-central1/builds/8b3af51a-555f-4535-8902-bebb551a54b6","dockerRegistry":"ARTIFACT_REGISTRY","automaticUpdatePolicy":{}},"versionId":"16","updateTime":"2024-05-18T19:18:21Z","buildId":"49f5034f-eb55-44ef-a90c-ea3bb8de9506","sourceToken":"d44fb255-bb5b-4dcb-bbc7-757ea28e2f66","buildName":"projects/308052716821/locations/us-central1/builds/49f5034f-eb55-44ef-a90c-ea3bb8de9506"}}
[debug] [2024-05-18T19:19:17.838Z] Got source token d44fb255-bb5b-4dcb-bbc7-757ea28e2f66 for region us-central1
[debug] [2024-05-18T19:19:27.846Z] [update-default-us-central1-api] Retrying task index 0
[debug] [2024-05-18T19:19:27.846Z] >>> [apiv2][query] GET https://cloudfunctions.googleapis.com/v1/operations/bGFyZG5lci16aGFuZy1maW5hbC1jc3NlMjgwL3VzLWNlbnRyYWwxL2FwaS8zMjQ2MURtQ041aw [none]
[debug] [2024-05-18T19:19:27.962Z] <<< [apiv2][status] GET https://cloudfunctions.googleapis.com/v1/operations/bGFyZG5lci16aGFuZy1maW5hbC1jc3NlMjgwL3VzLWNlbnRyYWwxL2FwaS8zMjQ2MURtQ041aw 200
[debug] [2024-05-18T19:19:27.962Z] <<< [apiv2][body] GET https://cloudfunctions.googleapis.com/v1/operations/bGFyZG5lci16aGFuZy1maW5hbC1jc3NlMjgwL3VzLWNlbnRyYWwxL2FwaS8zMjQ2MURtQ041aw {"name":"operations/bGFyZG5lci16aGFuZy1maW5hbC1jc3NlMjgwL3VzLWNlbnRyYWwxL2FwaS8zMjQ2MURtQ041aw","metadata":{"@type":"type.googleapis.com/google.cloud.functions.v1.OperationMetadataV1","target":"projects/lardner-zhang-final-csse280/locations/us-central1/functions/api","type":"UPDATE_FUNCTION","request":{"@type":"type.googleapis.com/google.cloud.functions.v1.CloudFunction","name":"projects/lardner-zhang-final-csse280/locations/us-central1/functions/api","httpsTrigger":{"url":"https://us-central1-lardner-zhang-final-csse280.cloudfunctions.net/api","securityLevel":"SECURE_ALWAYS"},"status":"ACTIVE","entryPoint":"api","updateTime":"2024-05-16T16:24:43.452Z","versionId":"15","labels":{"deployment-tool":"cli-firebase","firebase-functions-hash":"98a62e2aef43ada3cd2a7f80054f0b03e979f2f9"},"sourceUploadUrl":"https://storage.googleapis.com/uploads-1022931293210.us-central1.cloudfunctions.appspot.com/503f4947-ae05-415d-8ec2-27a4cf937b81.zip?GoogleAccessId=service-308052716821@gcf-admin-robot.iam.gserviceaccount.com&Expires=1716061700&Signature=qmXoN4eM9ZTsKEA2721deNBi8rSJTEu%2FZJoQTuCMp0JKGuSrQkfHufb9NsGrbBgYe%2BoW5TlRN%2FvjCKhQbh7zIesHztvISw8QPquTEMG85%2BeFdnhm1WCTqc%2F8%2Br4ilr8QlO%2Bp%2Bt8vTAI%2F3PPZqL1UdLCfXhDHDElFTXS6XOOdSl%2B9a8wcv44uRbJwGdwMQ3SSvGwA5dCLkWWNp%2FVymoOSEaeeuPzo1sgBORhYEqy1bHVN0dWgYCfw8YUeHWXUIGtjtxxJbfvF2wkriKTjGzgm1zU9BxUDJ%2FpnfpP3DPKGyhZALsICSxALf9sUx2PilMORB1FcCnVzuQvsCDV0rf3hEQ%3D%3D","environmentVariables":{"CLIENT_ID":"f28dcbc35c7a4e379df5e4b1af5a0ef0","CLIENT_SECRET":"80eff7d26b3a4fb2ad34c00a50763956","REDIRECT_URL":"https://us-central1-lardner-zhang-final-csse280.cloudfunctions.net/api/callback","FIREBASE_CONFIG":"{\"projectId\":\"lardner-zhang-final-csse280\",\"storageBucket\":\"lardner-zhang-final-csse280.appspot.com\"}","GCLOUD_PROJECT":"lardner-zhang-final-csse280","EVENTARC_CLOUD_EVENT_SOURCE":"projects/lardner-zhang-final-csse280/locations/us-central1/functions/api"},"runtime":"nodejs18","buildId":"8b3af51a-555f-4535-8902-bebb551a54b6","buildEnvironmentVariables":{"GOOGLE_NODE_RUN_SCRIPTS":""},"buildName":"projects/308052716821/locations/us-central1/builds/8b3af51a-555f-4535-8902-bebb551a54b6","dockerRegistry":"ARTIFACT_REGISTRY","automaticUpdatePolicy":{}},"versionId":"16","updateTime":"2024-05-18T19:18:21Z","buildId":"49f5034f-eb55-44ef-a90c-ea3bb8de9506","sourceToken":"d44fb255-bb5b-4dcb-bbc7-757ea28e2f66","buildName":"projects/308052716821/locations/us-central1/builds/49f5034f-eb55-44ef-a90c-ea3bb8de9506"}}
[debug] [2024-05-18T19:19:27.962Z] Got source token d44fb255-bb5b-4dcb-bbc7-757ea28e2f66 for region us-central1
